{"meta": {"format": 3, "version": "7.12.0", "timestamp": "2026-08-13T22:53:02.429038", "branch_coverage": false, "show_contexts": false}, "files": {"src/engine/__init__.py": {"executed_lines": [1, 3, 4, 5, 6, 7, 9], "summary": {"covered_lines": 6, "num_statements": 6, "percent_covered": 100.0, "percent_covered_display": "100", "missing_lines": 0, "excluded_lines": 0, "percent_statements_covered": 100.0, "percent_statements_covered_display": "100"}, "missing_lines": [], "excluded_lines": [], "functions": {"": {"executed_lines": [1, 3, 4, 5, 6, 7, 9], "summary": {"covered_lines": 6, "num_statements": 6, "percent_covered": 100.0, "percent_covered_display": "100", "missing_lines": 0, "excluded_lines": 0, "percent_statements_covered": 100.0, "percent_statements_covered_display": "100"}, "missing_lines": [], "excluded_lines": []}}, "classes": {"": {"executed_lines": [1, 3, 4, 5, 6, 7, 9], "summary": {"covered_lines": 6, "num_statements": 6, "percent_covered": 100.0, "percent_covered_display": "100", "missing_lines": 0, "excluded_lines": 0, "percent_statements_covered": 100.0, "percent_statements_covered_display": "100"}, "missing_lines": [], "excluded_lines": []}}}, "src/engine/analyzer.py": {"executed_lines": [3, 4, 5, 6, 7, 9, 10, 11, 12, 13, 14, 15, 16, 17, 18, 23, 27, 28, 29, 30, 31, 32, 33, 35, 36, 37, 73], "summary": {"covered_lines": 26, "num_statements": 68, "percent_covered": 38.23529411764706, "percent_covered_display": "38", "missing_lines": 42, "excluded_lines": 0, "percent_statements_covered": 38.23529411764706, "percent_statements_covered_display": "38"}, "missing_lines": [24, 25, 42, 51, 52, 53, 54, 55, 56, 57, 58, 59, 60, 61, 62, 63, 64, 65, 66, 67, 68, 69, 70, 71, 75, 76, 77, 80, 81, 82, 83, 84, 85, 86, 87, 89, 90, 98, 99, 102, 103, 106], "excluded_lines": [], "functions": {"CodeAnalyzer.extract_facts": {"executed_lines": [], "summary": {"covered_lines": 0, "num_statements": 22, "percent_covered": 0.0, "percent_covered_display": "0", "missing_lines": 22, "excluded_lines": 0, "percent_statements_covered": 0.0, "percent_statements_covered_display": "0"}, "missing_lines": [42, 51, 52, 53, 54, 55, 56, 57, 58, 59, 60, 61, 62, 63, 64, 65, 66, 67, 68, 69, 70, 71], "excluded_lines": []}, "CodeAnalyzer.analyze": {"executed_lines": [], "summary": {"covered_lines": 0, "num_statements": 18, "percent_covered": 0.0, "percent_covered_display": "0", "missing_lines": 18, "excluded_lines": 0, "percent_statements_covered": 0.0, "percent_statements_covered_display": "0"}, "missing_lines": [75, 76, 77, 80, 81, 82, 83, 84, 85, 86, 87, 89, 90, 98, 99, 102, 103, 106], "excluded_lines": []}, "": {"executed_lines": [3, 4, 5, 6, 7, 9, 10, 11, 12, 13, 14, 15, 16, 17, 18, 23, 27, 28, 29, 30, 31, 32, 33, 35, 36, 37, 73], "summary": {"covered_lines": 26, "num_statements": 28, "percent_covered": 92.85714285714286, "percent_covered_display": "93", "missing_lines": 2, "excluded_lines": 0, "percent_statements_covered": 92.85714285714286, "percent_statements_covered_display": "93"}, "missing_lines": [24, 25], "excluded_lines": []}}, "classes": {"CodeAnalysis": {"executed_lines": [], "summary": {"covered_lines": 0, "num_statements": 0, "percent_covered": 100.0, "percent_covered_display": "100", "missing_lines": 0, "excluded_lines": 0, "percent_statements_covered": 100.0, "percent_statements_covered_display": "100"}, "missing_lines": [], "excluded_lines": []}, "CodeAnalyzer": {"executed_lines": [], "summary": {"covered_lines": 0, "num_statements": 40, "percent_covered": 0.0, "percent_covered_display": "0", "missing_lines": 40, "excluded_lines": 0, "percent_statements_covered": 0.0, "percent_statements_covered_display": "0"}, "missing_lines": [42, 51, 52, 53, 54, 55, 56, 57, 58, 59, 60, 61, 62, 63, 64, 65, 66, 67, 68, 69, 70, 71, 75, 76, 77, 80, 81, 82, 83, 84, 85, 86, 87, 89, 90, 98, 99, 102, 103, 106], "excluded_lines": []}, "": {"executed_lines": [3, 4, 5, 6, 7, 9, 10, 11, 12, 13, 14, 15, 16, 17, 18, 23, 27, 28, 29, 30, 31, 32, 33, 35, 36, 37, 73], "summary": {"covered_lines": 26, "num_statements": 28, "percent_covered": 92.85714285714286, "percent_covered_display": "93", "missing_lines": 2, "excluded_lines": 0, "percent_statements_covered": 92.85714285714286, "percent_statements_covered_display": "93"}, "missing_lines": [24, 25], "excluded_lines": []}}}, "src/engine/anchor_patch.py": {"executed_lines": [3, 4, 5, 6, 7, 8, 9, 10, 15, 16, 17, 18, 19, 20, 21, 22, 23, 24, 25, 33, 37, 38, 39, 40, 41, 43, 44, 50, 69, 70, 72, 73, 75, 200, 228, 242, 260, 262, 264, 265, 270, 272, 273, 277, 279, 280, 281, 282, 283, 304, 306, 307, 316, 318, 319, 320, 321, 322, 323, 324, 325, 328, 332, 335], "summary": {"covered_lines": 63, "num_statements": 242, "percent_covered": 26.03305785123967, "percent_covered_display": "26", "missing_lines": 179, "excluded_lines": 0, "percent_statements_covered": 26.03305785123967, "percent_statements_covered_display": "26"}, "missing_lines": [34, 35, 71, 77, 78, 79, 80, 83, 84, 85, 86, 87, 88, 89, 90, 92, 93, 94, 95, 96, 97, 105, 106, 107, 108, 109, 110, 118, 119, 120, 121, 124, 125, 126, 127, 128, 129, 132, 142, 143, 144, 145, 146, 147, 148, 149, 150, 151, 159, 162, 163, 164, 165, 166, 167, 168, 169, 170, 171, 172, 173, 174, 175, 176, 184, 185, 188, 189, 190, 198, 204, 205, 206, 207, 208, 209, 210, 211, 212, 213, 214, 215, 216, 217, 218, 219, 220, 221, 222, 223, 224, 225, 226, 233, 234, 235, 236, 237, 238, 239, 240, 243, 244, 245, 246, 247, 248, 249, 250, 251, 252, 253, 254, 255, 256, 257, 258, 263, 271, 278, 284, 285, 286, 287, 288, 289, 290, 291, 292, 293, 294, 295, 296, 297, 298, 299, 300, 301, 302, 317, 326, 327, 329, 330, 331, 333, 334, 336, 337, 338, 339, 340, 341, 342, 343, 344, 345, 346, 347, 348, 349, 350, 351, 352, 353, 354, 355, 356, 357, 358, 359, 360, 361, 362, 363, 364, 365, 366, 367], "excluded_lines": [], "functions": {"AnchorPatcher._detect_language": {"executed_lines": [70, 72, 73], "summary": {"covered_lines": 3, "num_statements": 4, "percent_covered": 75.0, "percent_covered_display": "75", "missing_lines": 1, "excluded_lines": 0, "percent_statements_covered": 75.0, "percent_statements_covered_display": "75"}, "missing_lines": [71], "excluded_lines": []}, "AnchorPatcher.parse_blocks": {"executed_lines": [], "summary": {"covered_lines": 0, "num_statements": 67, "percent_covered": 0.0, "percent_covered_display": "0", "missing_lines": 67, "excluded_lines": 0, "percent_statements_covered": 0.0, "percent_statements_covered_display": "0"}, "missing_lines": [77, 78, 79, 80, 83, 84, 85, 86, 87, 88, 89, 90, 92, 93, 94, 95, 96, 97, 105, 106, 107, 108, 109, 110, 118, 119, 120, 121, 124, 125, 126, 127, 128, 129, 132, 142, 143, 144, 145, 146, 147, 148, 149, 150, 151, 159, 162, 163, 164, 165, 166, 167, 168, 169, 170, 171, 172, 173, 174, 175, 176, 184, 185, 188, 189, 190, 198], "excluded_lines": []}, "AnchorPatcher.locate_fuzzy_anchor": {"executed_lines": [], "summary": {"covered_lines": 0, "num_statements": 23, "percent_covered": 0.0, "percent_covered_display": "0", "missing_lines": 23, "excluded_lines": 0, "percent_statements_covered": 0.0, "percent_statements_covered_display": "0"}, "missing_lines": [204, 205, 206, 207, 208, 209, 210, 211, 212, 213, 214, 215, 216, 217, 218, 219, 220, 221, 222, 223, 224, 225, 226], "excluded_lines": []}, "AnchorPatcher.wrap_symbolic_syntax": {"executed_lines": [], "summary": {"covered_lines": 0, "num_statements": 8, "percent_covered": 0.0, "percent_covered_display": "0", "missing_lines": 8, "excluded_lines": 0, "percent_statements_covered": 0.0, "percent_statements_covered_display": "0"}, "missing_lines": [233, 234, 235, 236, 237, 238, 239, 240], "excluded_lines": []}, "AnchorPatcher._extract_code_fault_tolerant": {"executed_lines": [], "summary": {"covered_lines": 0, "num_statements": 16, "percent_covered": 0.0, "percent_covered_display": "0", "missing_lines": 16, "excluded_lines": 0, "percent_statements_covered": 0.0, "percent_statements_covered_display": "0"}, "missing_lines": [243, 244, 245, 246, 247, 248, 249, 250, 251, 252, 253, 254, 255, 256, 257, 258], "excluded_lines": []}, "AnchorPatcher._validate_syntax": {"executed_lines": [262, 264, 265, 270, 272, 273, 277, 279, 280, 281, 282, 283], "summary": {"covered_lines": 12, "num_statements": 34, "percent_covered": 35.294117647058826, "percent_covered_display": "35", "missing_lines": 22, "excluded_lines": 0, "percent_statements_covered": 35.294117647058826, "percent_statements_covered_display": "35"}, "missing_lines": [263, 271, 278, 284, 285, 286, 287, 288, 289, 290, 291, 292, 293, 294, 295, 296, 297, 298, 299, 300, 301, 302], "excluded_lines": []}, "AnchorPatcher.extract_ast_facts": {"executed_lines": [306, 307, 316, 318, 319, 320, 321, 322, 323, 324, 325, 328, 332, 335], "summary": {"covered_lines": 14, "num_statements": 36, "percent_covered": 38.888888888888886, "percent_covered_display": "39", "missing_lines": 22, "excluded_lines": 0, "percent_statements_covered": 38.888888888888886, "percent_statements_covered_display": "39"}, "missing_lines": [317, 326, 327, 329, 330, 331, 333, 334, 336, 337, 338, 339, 340, 341, 342, 343, 344, 345, 364, 365, 366, 367], "excluded_lines": []}, "AnchorPatcher.extract_ast_facts.traverse": {"executed_lines": [], "summary": {"covered_lines": 0, "num_statements": 18, "percent_covered": 0.0, "percent_covered_display": "0", "missing_lines": 18, "excluded_lines": 0, "percent_statements_covered": 0.0, "percent_statements_covered_display": "0"}, "missing_lines": [346, 347, 348, 349, 350, 351, 352, 353, 354, 355, 356, 357, 358, 359, 360, 361, 362, 363], "excluded_lines": []}, "": {"executed_lines": [3, 4, 5, 6, 7, 8, 9, 10, 15, 16, 17, 18, 19, 20, 21, 22, 23, 24, 25, 33, 37, 38, 39, 40, 41, 43, 44, 50, 69, 75, 200, 228, 242, 260, 304], "summary": {"covered_lines": 34, "num_statements": 36, "percent_covered": 94.44444444444444, "percent_covered_display": "94", "missing_lines": 2, "excluded_lines": 0, "percent_statements_covered": 94.44444444444444, "percent_statements_covered_display": "94"}, "missing_lines": [34, 35], "excluded_lines": []}}, "classes": {"PatchBlock": {"executed_lines": [], "summary": {"covered_lines": 0, "num_statements": 0, "percent_covered": 100.0, "percent_covered_display": "100", "missing_lines": 0, "excluded_lines": 0, "percent_statements_covered": 100.0, "percent_statements_covered_display": "100"}, "missing_lines": [], "excluded_lines": []}, "AnchorPatcher": {"executed_lines": [70, 72, 73, 262, 264, 265, 270, 272, 273, 277, 279, 280, 281, 282, 283, 306, 307, 316, 318, 319, 320, 321, 322, 323, 324, 325, 328, 332, 335], "summary": {"covered_lines": 29, "num_statements": 206, "percent_covered": 14.077669902912621, "percent_covered_display": "14", "missing_lines": 177, "excluded_lines": 0, "percent_statements_covered": 14.077669902912621, "percent_statements_covered_display": "14"}, "missing_lines": [71, 77, 78, 79, 80, 83, 84, 85, 86, 87, 88, 89, 90, 92, 93, 94, 95, 96, 97, 105, 106, 107, 108, 109, 110, 118, 119, 120, 121, 124, 125, 126, 127, 128, 129, 132, 142, 143, 144, 145, 146, 147, 148, 149, 150, 151, 159, 162, 163, 164, 165, 166, 167, 168, 169, 170, 171, 172, 173, 174, 175, 176, 184, 185, 188, 189, 190, 198, 204, 205, 206, 207, 208, 209, 210, 211, 212, 213, 214, 215, 216, 217, 218, 219, 220, 221, 222, 223, 224, 225, 226, 233, 234, 235, 236, 237, 238, 239, 240, 243, 244, 245, 246, 247, 248, 249, 250, 251, 252, 253, 254, 255, 256, 257, 258, 263, 271, 278, 284, 285, 286, 287, 288, 289, 290, 291, 292, 293, 294, 295, 296, 297, 298, 299, 300, 301, 302, 317, 326, 327, 329, 330, 331, 333, 334, 336, 337, 338, 339, 340, 341, 342, 343, 344, 345, 346, 347, 348, 349, 350, 351, 352, 353, 354, 355, 356, 357, 358, 359, 360, 361, 362, 363, 364, 365, 366, 367], "excluded_lines": []}, "": {"executed_lines": [3, 4, 5, 6, 7, 8, 9, 10, 15, 16, 17, 18, 19, 20, 21, 22, 23, 24, 25, 33, 37, 38, 39, 40, 41, 43, 44, 50, 69, 75, 200, 228, 242, 260, 304], "summary": {"covered_lines": 34, "num_statements": 36, "percent_covered": 94.44444444444444, "percent_covered_display": "94", "missing_lines": 2, "excluded_lines": 0, "percent_statements_covered": 94.44444444444444, "percent_statements_covered_display": "94"}, "missing_lines": [34, 35], "excluded_lines": []}}}, "src/engine/context.py": {"executed_lines": [4, 5, 6, 7, 8, 11, 12, 13, 14, 15, 16, 19, 20, 24, 31, 32, 33, 34, 35, 36, 38, 67, 94, 125, 126, 127, 128, 130, 131, 132, 133, 134, 135, 136, 140, 142, 158, 205], "summary": {"covered_lines": 37, "num_statements": 139, "percent_covered": 26.618705035971225, "percent_covered_display": "27", "missing_lines": 102, "excluded_lines": 0, "percent_statements_covered": 26.618705035971225, "percent_statements_covered_display": "27"}, "missing_lines": [40, 43, 44, 45, 48, 49, 50, 51, 54, 55, 56, 57, 58, 61, 62, 63, 65, 69, 70, 71, 74, 75, 76, 77, 79, 80, 81, 82, 83, 84, 87, 88, 92, 98, 99, 101, 102, 104, 105, 106, 107, 108, 110, 111, 113, 120, 121, 123, 129, 137, 138, 139, 143, 144, 145, 146, 147, 148, 149, 150, 151, 152, 153, 154, 155, 156, 159, 160, 161, 162, 163, 164, 165, 166, 167, 169, 170, 171, 173, 182, 183, 184, 185, 186, 187, 188, 189, 190, 191, 192, 193, 196, 197, 198, 199, 201, 202, 203, 206, 207, 208, 209], "excluded_lines": [], "functions": {"RepoContext.__init__": {"executed_lines": [31, 32, 33, 34, 35, 36], "summary": {"covered_lines": 6, "num_statements": 6, "percent_covered": 100.0, "percent_covered_display": "100", "missing_lines": 0, "excluded_lines": 0, "percent_statements_covered": 100.0, "percent_statements_covered_display": "100"}, "missing_lines": [], "excluded_lines": []}, "RepoContext.build_directional_metadata": {"executed_lines": [], "summary": {"covered_lines": 0, "num_statements": 17, "percent_covered": 0.0, "percent_covered_display": "0", "missing_lines": 17, "excluded_lines": 0, "percent_statements_covered": 0.0, "percent_statements_covered_display": "0"}, "missing_lines": [40, 43, 44, 45, 48, 49, 50, 51, 54, 55, 56, 57, 58, 61, 62, 63, 65], "excluded_lines": []}, "RepoContext.collect_context": {"executed_lines": [], "summary": {"covered_lines": 0, "num_statements": 16, "percent_covered": 0.0, "percent_covered_display": "0", "missing_lines": 16, "excluded_lines": 0, "percent_statements_covered": 0.0, "percent_statements_covered_display": "0"}, "missing_lines": [69, 70, 71, 74, 75, 76, 77, 79, 80, 81, 82, 83, 84, 87, 88, 92], "excluded_lines": []}, "RepoContext.get_sliding_window_context": {"executed_lines": [], "summary": {"covered_lines": 0, "num_statements": 15, "percent_covered": 0.0, "percent_covered_display": "0", "missing_lines": 15, "excluded_lines": 0, "percent_statements_covered": 0.0, "percent_statements_covered_display": "0"}, "missing_lines": [98, 99, 101, 102, 104, 105, 106, 107, 108, 110, 111, 113, 120, 121, 123], "excluded_lines": []}, "RepoContext.resolve_path_recursively": {"executed_lines": [126, 127, 128, 130, 131, 132, 133, 134, 135, 136, 140], "summary": {"covered_lines": 11, "num_statements": 15, "percent_covered": 73.33333333333333, "percent_covered_display": "73", "missing_lines": 4, "excluded_lines": 0, "percent_statements_covered": 73.33333333333333, "percent_statements_covered_display": "73"}, "missing_lines": [129, 137, 138, 139], "excluded_lines": []}, "RepoContext.find_file_by_anchor": {"executed_lines": [], "summary": {"covered_lines": 0, "num_statements": 14, "percent_covered": 0.0, "percent_covered_display": "0", "missing_lines": 14, "excluded_lines": 0, "percent_statements_covered": 0.0, "percent_statements_covered_display": "0"}, "missing_lines": [143, 144, 145, 146, 147, 148, 149, 150, 151, 152, 153, 154, 155, 156], "excluded_lines": []}, "RepoContext.build_context": {"executed_lines": [], "summary": {"covered_lines": 0, "num_statements": 32, "percent_covered": 0.0, "percent_covered_display": "0", "missing_lines": 32, "excluded_lines": 0, "percent_statements_covered": 0.0, "percent_statements_covered_display": "0"}, "missing_lines": [159, 160, 161, 162, 163, 164, 165, 166, 167, 169, 170, 171, 173, 182, 183, 184, 185, 186, 187, 188, 189, 190, 191, 192, 193, 196, 197, 198, 199, 201, 202, 203], "excluded_lines": []}, "RepoContext._to_rel_path": {"executed_lines": [], "summary": {"covered_lines": 0, "num_statements": 4, "percent_covered": 0.0, "percent_covered_display": "0", "missing_lines": 4, "excluded_lines": 0, "percent_statements_covered": 0.0, "percent_statements_covered_display": "0"}, "missing_lines": [206, 207, 208, 209], "excluded_lines": []}, "": {"executed_lines": [4, 5, 6, 7, 8, 11, 12, 13, 14, 15, 16, 19, 20, 24, 38, 67, 94, 125, 142, 158, 205], "summary": {"covered_lines": 20, "num_statements": 20, "percent_covered": 100.0, "percent_covered_display": "100", "missing_lines": 0, "excluded_lines": 0, "percent_statements_covered": 100.0, "percent_statements_covered_display": "100"}, "missing_lines": [], "excluded_lines": []}}, "classes": {"FileContext": {"executed_lines": [], "summary": {"covered_lines": 0, "num_statements": 0, "percent_covered": 100.0, "percent_covered_display": "100", "missing_lines": 0, "excluded_lines": 0, "percent_statements_covered": 100.0, "percent_statements_covered_display": "100"}, "missing_lines": [], "excluded_lines": []}, "RepoContext": {"executed_lines": [31, 32, 33, 34, 35, 36, 126, 127, 128, 130, 131, 132, 133, 134, 135, 136, 140], "summary": {"covered_lines": 17, "num_statements": 119, "percent_covered": 14.285714285714286, "percent_covered_display": "14", "missing_lines": 102, "excluded_lines": 0, "percent_statements_covered": 14.285714285714286, "percent_statements_covered_display": "14"}, "missing_lines": [40, 43, 44, 45, 48, 49, 50, 51, 54, 55, 56, 57, 58, 61, 62, 63, 65, 69, 70, 71, 74, 75, 76, 77, 79, 80, 81, 82, 83, 84, 87, 88, 92, 98, 99, 101, 102, 104, 105, 106, 107, 108, 110, 111, 113, 120, 121, 123, 129, 137, 138, 139, 143, 144, 145, 146, 147, 148, 149, 150, 151, 152, 153, 154, 155, 156, 159, 160, 161, 162, 163, 164, 165, 166, 167, 169, 170, 171, 173, 182, 183, 184, 185, 186, 187, 188, 189, 190, 191, 192, 193, 196, 197, 198, 199, 201, 202, 203, 206, 207, 208, 209], "excluded_lines": []}, "": {"executed_lines": [4, 5, 6, 7, 8, 11, 12, 13, 14, 15, 16, 19, 20, 24, 38, 67, 94, 125, 142, 158, 205], "summary": {"covered_lines": 20, "num_statements": 20, "percent_covered": 100.0, "percent_covered_display": "100", "missing_lines": 0, "excluded_lines": 0, "percent_statements_covered": 100.0, "percent_statements_covered_display": "100"}, "missing_lines": [], "excluded_lines": []}}}, "src/engine/executor.py": {"executed_lines": [3, 4, 5, 6, 7, 8, 9, 10, 12, 14, 15, 20, 21, 22, 23, 24, 25, 26, 27, 29, 36, 39, 40, 43, 51, 52, 54, 55, 56, 57, 58, 59, 61, 62, 63, 64, 65, 67, 68, 69, 70, 71, 76, 77, 78, 81, 82, 84, 85, 87, 91, 100, 101, 102, 105, 106, 107, 113, 121, 122, 123, 160, 168, 178, 181, 182, 184, 185, 186, 187, 188, 189, 190, 191, 192, 193, 196, 201, 204, 205, 206, 207, 208, 213, 214, 219, 220, 221, 222, 223, 228, 239], "summary": {"covered_lines": 91, "num_statements": 174, "percent_covered": 52.298850574712645, "percent_covered_display": "52", "missing_lines": 83, "excluded_lines": 0, "percent_statements_covered": 52.298850574712645, "percent_statements_covered_display": "52"}, "missing_lines": [44, 66, 72, 73, 74, 75, 79, 83, 86, 89, 103, 108, 111, 114, 115, 116, 119, 125, 126, 127, 128, 129, 131, 132, 133, 134, 135, 137, 138, 140, 141, 145, 146, 150, 151, 152, 154, 157, 158, 161, 162, 163, 164, 165, 166, 171, 172, 175, 176, 183, 202, 209, 210, 211, 212, 215, 216, 217, 224, 225, 226, 229, 230, 231, 232, 233, 236, 237, 246, 247, 248, 249, 250, 251, 252, 253, 254, 255, 256, 257, 258, 259, 260], "excluded_lines": [], "functions": {"Executor.__init__": {"executed_lines": [21, 22, 23, 24, 25, 26, 27], "summary": {"covered_lines": 7, "num_statements": 7, "percent_covered": 100.0, "percent_covered_display": "100", "missing_lines": 0, "excluded_lines": 0, "percent_statements_covered": 100.0, "percent_statements_covered_display": "100"}, "missing_lines": [], "excluded_lines": []}, "Executor.run_edit_pass": {"executed_lines": [36, 39, 40, 43, 51, 52, 54, 55, 56, 57, 58, 59, 61, 62, 63, 64, 65, 67, 68, 69, 70, 71, 76, 77, 78, 81, 82, 84, 85, 87], "summary": {"covered_lines": 30, "num_statements": 40, "percent_covered": 75.0, "percent_covered_display": "75", "missing_lines": 10, "excluded_lines": 0, "percent_statements_covered": 75.0, "percent_statements_covered_display": "75"}, "missing_lines": [44, 66, 72, 73, 74, 75, 79, 83, 86, 89], "excluded_lines": []}, "Executor.apply_anchor_edit": {"executed_lines": [100, 101, 102, 105, 106, 107, 113, 121, 122, 123], "summary": {"covered_lines": 10, "num_statements": 39, "percent_covered": 25.641025641025642, "percent_covered_display": "26", "missing_lines": 29, "excluded_lines": 0, "percent_statements_covered": 25.641025641025642, "percent_statements_covered_display": "26"}, "missing_lines": [103, 108, 111, 114, 115, 116, 119, 125, 126, 127, 128, 129, 131, 132, 133, 134, 135, 137, 138, 140, 141, 145, 146, 150, 151, 152, 154, 157, 158], "excluded_lines": []}, "Executor._apply_via_sd": {"executed_lines": [], "summary": {"covered_lines": 0, "num_statements": 6, "percent_covered": 0.0, "percent_covered_display": "0", "missing_lines": 6, "excluded_lines": 0, "percent_statements_covered": 0.0, "percent_statements_covered_display": "0"}, "missing_lines": [161, 162, 163, 164, 165, 166], "excluded_lines": []}, "Executor._apply_via_python": {"executed_lines": [], "summary": {"covered_lines": 0, "num_statements": 4, "percent_covered": 0.0, "percent_covered_display": "0", "missing_lines": 4, "excluded_lines": 0, "percent_statements_covered": 0.0, "percent_statements_covered_display": "0"}, "missing_lines": [171, 172, 175, 176], "excluded_lines": []}, "Executor._apply_fuzzy_splice": {"executed_lines": [181, 182, 184, 185, 186, 187, 188, 189, 190, 191, 192, 193, 196, 201], "summary": {"covered_lines": 14, "num_statements": 16, "percent_covered": 87.5, "percent_covered_display": "88", "missing_lines": 2, "excluded_lines": 0, "percent_statements_covered": 87.5, "percent_statements_covered_display": "88"}, "missing_lines": [183, 202], "excluded_lines": []}, "Executor._create_file": {"executed_lines": [205, 206, 207, 208, 213, 214], "summary": {"covered_lines": 6, "num_statements": 13, "percent_covered": 46.15384615384615, "percent_covered_display": "46", "missing_lines": 7, "excluded_lines": 0, "percent_statements_covered": 46.15384615384615, "percent_statements_covered_display": "46"}, "missing_lines": [209, 210, 211, 212, 215, 216, 217], "excluded_lines": []}, "Executor._write_file_safe": {"executed_lines": [220, 221, 222, 223], "summary": {"covered_lines": 4, "num_statements": 7, "percent_covered": 57.142857142857146, "percent_covered_display": "57", "missing_lines": 3, "excluded_lines": 0, "percent_statements_covered": 57.142857142857146, "percent_statements_covered_display": "57"}, "missing_lines": [224, 225, 226], "excluded_lines": []}, "Executor._git_checkpoint": {"executed_lines": [], "summary": {"covered_lines": 0, "num_statements": 7, "percent_covered": 0.0, "percent_covered_display": "0", "missing_lines": 7, "excluded_lines": 0, "percent_statements_covered": 0.0, "percent_statements_covered_display": "0"}, "missing_lines": [229, 230, 231, 232, 233, 236, 237], "excluded_lines": []}, "Executor._rollback": {"executed_lines": [], "summary": {"covered_lines": 0, "num_statements": 15, "percent_covered": 0.0, "percent_covered_display": "0", "missing_lines": 15, "excluded_lines": 0, "percent_statements_covered": 0.0, "percent_statements_covered_display": "0"}, "missing_lines": [246, 247, 248, 249, 250, 251, 252, 253, 254, 255, 256, 257, 258, 259, 260], "excluded_lines": []}, "": {"executed_lines": [3, 4, 5, 6, 7, 8, 9, 10, 12, 14, 15, 20, 29, 91, 160, 168, 178, 204, 219, 228, 239], "summary": {"covered_lines": 20, "num_statements": 20, "percent_covered": 100.0, "percent_covered_display": "100", "missing_lines": 0, "excluded_lines": 0, "percent_statements_covered": 100.0, "percent_statements_covered_display": "100"}, "missing_lines": [], "excluded_lines": []}}, "classes": {"Executor": {"executed_lines": [21, 22, 23, 24, 25, 26, 27, 36, 39, 40, 43, 51, 52, 54, 55, 56, 57, 58, 59, 61, 62, 63, 64, 65, 67, 68, 69, 70, 71, 76, 77, 78, 81, 82, 84, 85, 87, 100, 101, 102, 105, 106, 107, 113, 121, 122, 123, 181, 182, 184, 185, 186, 187, 188, 189, 190, 191, 192, 193, 196, 201, 205, 206, 207, 208, 213, 214, 220, 221, 222, 223], "summary": {"covered_lines": 71, "num_statements": 154, "percent_covered": 46.103896103896105, "percent_covered_display": "46", "missing_lines": 83, "excluded_lines": 0, "percent_statements_covered": 46.103896103896105, "percent_statements_covered_display": "46"}, "missing_lines": [44, 66, 72, 73, 74, 75, 79, 83, 86, 89, 103, 108, 111, 114, 115, 116, 119, 125, 126, 127, 128, 129, 131, 132, 133, 134, 135, 137, 138, 140, 141, 145, 146, 150, 151, 152, 154, 157, 158, 161, 162, 163, 164, 165, 166, 171, 172, 175, 176, 183, 202, 209, 210, 211, 212, 215, 216, 217, 224, 225, 226, 229, 230, 231, 232, 233, 236, 237, 246, 247, 248, 249, 250, 251, 252, 253, 254, 255, 256, 257, 258, 259, 260], "excluded_lines": []}, "": {"executed_lines": [3, 4, 5, 6, 7, 8, 9, 10, 12, 14, 15, 20, 29, 91, 160, 168, 178, 204, 219, 228, 239], "summary": {"covered_lines": 20, "num_statements": 20, "percent_covered": 100.0, "percent_covered_display": "100", "missing_lines": 0, "excluded_lines": 0, "percent_statements_covered": 100.0, "percent_statements_covered_display": "100"}, "missing_lines": [], "excluded_lines": []}}}, "src/engine/llm.py": {"executed_lines": [], "summary": {"covered_lines": 0, "num_statements": 55, "percent_covered": 0.0, "percent_covered_display": "0", "missing_lines": 55, "excluded_lines": 0, "percent_statements_covered": 0.0, "percent_statements_covered_display": "0"}, "missing_lines": [4, 5, 6, 7, 8, 9, 11, 12, 15, 18, 25, 28, 29, 30, 32, 34, 36, 38, 39, 41, 66, 67, 68, 71, 72, 75, 76, 77, 78, 79, 80, 81, 82, 83, 84, 85, 86, 87, 88, 90, 91, 92, 93, 94, 95, 96, 97, 98, 99, 101, 102, 103, 104, 105, 109], "excluded_lines": [], "functions": {"LocalInferenceEngine.__init__": {"executed_lines": [], "summary": {"covered_lines": 0, "num_statements": 4, "percent_covered": 0.0, "percent_covered_display": "0", "missing_lines": 4, "excluded_lines": 0, "percent_statements_covered": 0.0, "percent_statements_covered_display": "0"}, "missing_lines": [25, 28, 29, 30], "excluded_lines": []}, "LocalInferenceEngine.generate": {"executed_lines": [], "summary": {"covered_lines": 0, "num_statements": 1, "percent_covered": 0.0, "percent_covered_display": "0", "missing_lines": 1, "excluded_lines": 0, "percent_statements_covered": 0.0, "percent_statements_covered_display": "0"}, "missing_lines": [34], "excluded_lines": []}, "LocalInferenceEngine.generate_stream": {"executed_lines": [], "summary": {"covered_lines": 0, "num_statements": 22, "percent_covered": 0.0, "percent_covered_display": "0", "missing_lines": 22, "excluded_lines": 0, "percent_statements_covered": 0.0, "percent_statements_covered_display": "0"}, "missing_lines": [38, 39, 41, 66, 67, 68, 71, 72, 75, 76, 77, 78, 79, 80, 81, 82, 83, 84, 85, 86, 87, 88], "excluded_lines": []}, "LocalInferenceEngine._extract_token": {"executed_lines": [], "summary": {"covered_lines": 0, "num_statements": 13, "percent_covered": 0.0, "percent_covered_display": "0", "missing_lines": 13, "excluded_lines": 0, "percent_statements_covered": 0.0, "percent_statements_covered_display": "0"}, "missing_lines": [92, 93, 94, 95, 96, 97, 98, 99, 101, 102, 103, 104, 105], "excluded_lines": []}, "": {"executed_lines": [], "summary": {"covered_lines": 0, "num_statements": 15, "percent_covered": 0.0, "percent_covered_display": "0", "missing_lines": 15, "excluded_lines": 0, "percent_statements_covered": 0.0, "percent_statements_covered_display": "0"}, "missing_lines": [4, 5, 6, 7, 8, 9, 11, 12, 15, 18, 32, 36, 90, 91, 109], "excluded_lines": []}}, "classes": {"LocalInferenceEngine": {"executed_lines": [], "summary": {"covered_lines": 0, "num_statements": 40, "percent_covered": 0.0, "percent_covered_display": "0", "missing_lines": 40, "excluded_lines": 0, "percent_statements_covered": 0.0, "percent_statements_covered_display": "0"}, "missing_lines": [25, 28, 29, 30, 34, 38, 39, 41, 66, 67, 68, 71, 72, 75, 76, 77, 78, 79, 80, 81, 82, 83, 84, 85, 86, 87, 88, 92, 93, 94, 95, 96, 97, 98, 99, 101, 102, 103, 104, 105], "excluded_lines": []}, "": {"executed_lines": [], "summary": {"covered_lines": 0, "num_statements": 15, "percent_covered": 0.0, "percent_covered_display": "0", "missing_lines": 15, "excluded_lines": 0, "percent_statements_covered": 0.0, "percent_statements_covered_display": "0"}, "missing_lines": [4, 5, 6, 7, 8, 9, 11, 12, 15, 18, 32, 36, 90, 91, 109], "excluded_lines": []}}}, "src/engine/redis_store.py": {"executed_lines": [3, 4, 5, 6, 8, 9, 10, 14, 15, 16, 19, 20, 22, 24, 27, 28, 29, 30, 31, 32, 35, 38, 39, 40, 42, 49, 50, 51, 52, 53, 54, 56, 57, 62, 63, 71, 72, 74, 76, 117, 120, 121, 122, 123, 124, 126, 127, 135, 136, 142, 146, 147, 148, 149, 154, 156, 157, 158, 159, 160, 161, 165, 166, 167, 171, 174, 175, 181, 182, 183, 189, 223], "summary": {"covered_lines": 71, "num_statements": 140, "percent_covered": 50.714285714285715, "percent_covered_display": "51", "missing_lines": 69, "excluded_lines": 3, "percent_statements_covered": 50.714285714285715, "percent_statements_covered_display": "51"}, "missing_lines": [11, 12, 17, 18, 58, 73, 77, 78, 79, 80, 81, 82, 83, 84, 85, 86, 87, 88, 102, 105, 108, 109, 110, 112, 113, 114, 115, 129, 143, 150, 151, 152, 162, 163, 168, 169, 172, 176, 177, 179, 184, 185, 186, 187, 192, 193, 194, 195, 196, 197, 198, 205, 208, 209, 210, 211, 218, 219, 220, 221, 225, 226, 227, 228, 229, 230, 231, 232, 233], "excluded_lines": [32, 33, 34], "functions": {"ThoughtFrameProtocol.to_redis_payload": {"executed_lines": [32], "summary": {"covered_lines": 0, "num_statements": 0, "percent_covered": 100.0, "percent_covered_display": "100", "missing_lines": 0, "excluded_lines": 1, "percent_statements_covered": 100.0, "percent_statements_covered_display": "100"}, "missing_lines": [], "excluded_lines": [32]}, "RedisMemoryStore.__init__": {"executed_lines": [49, 50, 51, 52, 53, 54], "summary": {"covered_lines": 6, "num_statements": 6, "percent_covered": 100.0, "percent_covered_display": "100", "missing_lines": 0, "excluded_lines": 0, "percent_statements_covered": 100.0, "percent_statements_covered_display": "100"}, "missing_lines": [], "excluded_lines": []}, "RedisMemoryStore._get_client": {"executed_lines": [57, 62, 63, 71, 72, 74], "summary": {"covered_lines": 6, "num_statements": 8, "percent_covered": 75.0, "percent_covered_display": "75", "missing_lines": 2, "excluded_lines": 0, "percent_statements_covered": 75.0, "percent_statements_covered_display": "75"}, "missing_lines": [58, 73], "excluded_lines": []}, "RedisMemoryStore._ensure_vector_index": {"executed_lines": [], "summary": {"covered_lines": 0, "num_statements": 21, "percent_covered": 0.0, "percent_covered_display": "0", "missing_lines": 21, "excluded_lines": 0, "percent_statements_covered": 0.0, "percent_statements_covered_display": "0"}, "missing_lines": [77, 78, 79, 80, 81, 82, 83, 84, 85, 86, 87, 88, 102, 105, 108, 109, 110, 112, 113, 114, 115], "excluded_lines": []}, "RedisMemoryStore.save_thought_frame": {"executed_lines": [120, 121, 122, 123, 124, 126, 127, 135, 136, 142, 146, 147, 148, 149], "summary": {"covered_lines": 14, "num_statements": 19, "percent_covered": 73.6842105263158, "percent_covered_display": "74", "missing_lines": 5, "excluded_lines": 0, "percent_statements_covered": 73.6842105263158, "percent_statements_covered_display": "74"}, "missing_lines": [129, 143, 150, 151, 152], "excluded_lines": []}, "RedisMemoryStore.retrieve_thought_frame": {"executed_lines": [156, 157, 158, 159, 160, 161, 165, 166, 167, 171, 174, 175, 181, 182, 183], "summary": {"covered_lines": 15, "num_statements": 27, "percent_covered": 55.55555555555556, "percent_covered_display": "56", "missing_lines": 12, "excluded_lines": 0, "percent_statements_covered": 55.55555555555556, "percent_statements_covered_display": "56"}, "missing_lines": [162, 163, 168, 169, 172, 176, 177, 179, 184, 185, 186, 187], "excluded_lines": []}, "RedisMemoryStore.knn_search": {"executed_lines": [], "summary": {"covered_lines": 0, "num_statements": 16, "percent_covered": 0.0, "percent_covered_display": "0", "missing_lines": 16, "excluded_lines": 0, "percent_statements_covered": 0.0, "percent_statements_covered_display": "0"}, "missing_lines": [192, 193, 194, 195, 196, 197, 198, 205, 208, 209, 210, 211, 218, 219, 220, 221], "excluded_lines": []}, "RedisMemoryStore.flush_db": {"executed_lines": [], "summary": {"covered_lines": 0, "num_statements": 9, "percent_covered": 0.0, "percent_covered_display": "0", "missing_lines": 9, "excluded_lines": 0, "percent_statements_covered": 0.0, "percent_statements_covered_display": "0"}, "missing_lines": [225, 226, 227, 228, 229, 230, 231, 232, 233], "excluded_lines": []}, "": {"executed_lines": [3, 4, 5, 6, 8, 9, 10, 14, 15, 16, 19, 20, 22, 24, 27, 28, 29, 30, 31, 35, 38, 39, 40, 42, 56, 76, 117, 154, 189, 223], "summary": {"covered_lines": 30, "num_statements": 34, "percent_covered": 88.23529411764706, "percent_covered_display": "88", "missing_lines": 4, "excluded_lines": 2, "percent_statements_covered": 88.23529411764706, "percent_statements_covered_display": "88"}, "missing_lines": [11, 12, 17, 18], "excluded_lines": [33, 34]}}, "classes": {"ThoughtFrameProtocol": {"executed_lines": [32], "summary": {"covered_lines": 0, "num_statements": 0, "percent_covered": 100.0, "percent_covered_display": "100", "missing_lines": 0, "excluded_lines": 1, "percent_statements_covered": 100.0, "percent_statements_covered_display": "100"}, "missing_lines": [], "excluded_lines": [32]}, "RedisMemoryStore": {"executed_lines": [49, 50, 51, 52, 53, 54, 57, 62, 63, 71, 72, 74, 120, 121, 122, 123, 124, 126, 127, 135, 136, 142, 146, 147, 148, 149, 156, 157, 158, 159, 160, 161, 165, 166, 167, 171, 174, 175, 181, 182, 183], "summary": {"covered_lines": 41, "num_statements": 106, "percent_covered": 38.679245283018865, "percent_covered_display": "39", "missing_lines": 65, "excluded_lines": 0, "percent_statements_covered": 38.679245283018865, "percent_statements_covered_display": "39"}, "missing_lines": [58, 73, 77, 78, 79, 80, 81, 82, 83, 84, 85, 86, 87, 88, 102, 105, 108, 109, 110, 112, 113, 114, 115, 129, 143, 150, 151, 152, 162, 163, 168, 169, 172, 176, 177, 179, 184, 185, 186, 187, 192, 193, 194, 195, 196, 197, 198, 205, 208, 209, 210, 211, 218, 219, 220, 221, 225, 226, 227, 228, 229, 230, 231, 232, 233], "excluded_lines": []}, "": {"executed_lines": [3, 4, 5, 6, 8, 9, 10, 14, 15, 16, 19, 20, 22, 24, 27, 28, 29, 30, 31, 35, 38, 39, 40, 42, 56, 76, 117, 154, 189, 223], "summary": {"covered_lines": 30, "num_statements": 34, "percent_covered": 88.23529411764706, "percent_covered_display": "88", "missing_lines": 4, "excluded_lines": 2, "percent_statements_covered": 88.23529411764706, "percent_statements_covered_display": "88"}, "missing_lines": [11, 12, 17, 18], "excluded_lines": [33, 34]}}}, "src/engine/verifier.py": {"executed_lines": [], "summary": {"covered_lines": 0, "num_statements": 60, "percent_covered": 0.0, "percent_covered_display": "0", "missing_lines": 60, "excluded_lines": 0, "percent_statements_covered": 0.0, "percent_statements_covered_display": "0"}, "missing_lines": [4, 5, 6, 7, 8, 9, 10, 12, 15, 21, 22, 24, 26, 33, 34, 35, 36, 37, 39, 40, 51, 52, 53, 54, 56, 65, 66, 68, 69, 71, 72, 73, 74, 76, 77, 78, 79, 81, 82, 83, 88, 89, 91, 92, 93, 94, 95, 97, 98, 99, 100, 102, 103, 105, 106, 107, 108, 109, 110, 112], "excluded_lines": [], "functions": {"VerificationHook.__init__": {"executed_lines": [], "summary": {"covered_lines": 0, "num_statements": 1, "percent_covered": 0.0, "percent_covered_display": "0", "missing_lines": 1, "excluded_lines": 0, "percent_statements_covered": 0.0, "percent_statements_covered_display": "0"}, "missing_lines": [22], "excluded_lines": []}, "VerificationHook.run_coverage_check": {"executed_lines": [], "summary": {"covered_lines": 0, "num_statements": 48, "percent_covered": 0.0, "percent_covered_display": "0", "missing_lines": 48, "excluded_lines": 0, "percent_statements_covered": 0.0, "percent_statements_covered_display": "0"}, "missing_lines": [26, 33, 34, 35, 36, 37, 39, 40, 51, 52, 53, 54, 56, 65, 66, 68, 69, 71, 72, 73, 74, 76, 77, 78, 79, 81, 82, 83, 88, 89, 91, 92, 93, 94, 95, 97, 98, 99, 100, 102, 103, 105, 106, 107, 108, 109, 110, 112], "excluded_lines": []}, "": {"executed_lines": [], "summary": {"covered_lines": 0, "num_statements": 11, "percent_covered": 0.0, "percent_covered_display": "0", "missing_lines": 11, "excluded_lines": 0, "percent_statements_covered": 0.0, "percent_statements_covered_display": "0"}, "missing_lines": [4, 5, 6, 7, 8, 9, 10, 12, 15, 21, 24], "excluded_lines": []}}, "classes": {"VerificationHook": {"executed_lines": [], "summary": {"covered_lines": 0, "num_statements": 49, "percent_covered": 0.0, "percent_covered_display": "0", "missing_lines": 49, "excluded_lines": 0, "percent_statements_covered": 0.0, "percent_statements_covered_display": "0"}, "missing_lines": [22, 26, 33, 34, 35, 36, 37, 39, 40, 51, 52, 53, 54, 56, 65, 66, 68, 69, 71, 72, 73, 74, 76, 77, 78, 79, 81, 82, 83, 88, 89, 91, 92, 93, 94, 95, 97, 98, 99, 100, 102, 103, 105, 106, 107, 108, 109, 110, 112], "excluded_lines": []}, "": {"executed_lines": [], "summary": {"covered_lines": 0, "num_statements": 11, "percent_covered": 0.0, "percent_covered_display": "0", "missing_lines": 11, "excluded_lines": 0, "percent_statements_covered": 0.0, "percent_statements_covered_display": "0"}, "missing_lines": [4, 5, 6, 7, 8, 9, 10, 12, 15, 21, 24], "excluded_lines": []}}}, "src/engine/working_memory.py": {"executed_lines": [4, 5, 6, 7, 8, 9, 10, 12, 13, 16, 19, 22, 23, 26, 27, 28, 29, 30, 31, 32, 33, 34, 35, 36, 37, 38, 39, 40, 42, 43, 46, 47, 51, 68, 78, 85, 86, 87, 90, 91, 92, 96, 109, 111, 112, 113, 115, 117, 130, 131, 133, 197, 199, 200, 204, 219, 221, 222, 223, 224, 225, 236, 245], "summary": {"covered_lines": 60, "num_statements": 120, "percent_covered": 50.0, "percent_covered_display": "50", "missing_lines": 60, "excluded_lines": 2, "percent_statements_covered": 50.0, "percent_statements_covered_display": "50"}, "missing_lines": [94, 144, 145, 146, 147, 153, 154, 156, 157, 158, 159, 161, 163, 175, 176, 179, 182, 186, 187, 189, 190, 194, 195, 209, 210, 211, 212, 213, 214, 215, 216, 217, 226, 227, 229, 230, 231, 232, 233, 234, 237, 238, 239, 240, 241, 242, 243, 248, 249, 250, 251, 255, 256, 257, 258, 259, 260, 261, 262, 265], "excluded_lines": [16, 17], "functions": {"ThoughtFrame.to_redis_payload": {"executed_lines": [43], "summary": {"covered_lines": 1, "num_statements": 1, "percent_covered": 100.0, "percent_covered_display": "100", "missing_lines": 0, "excluded_lines": 0, "percent_statements_covered": 100.0, "percent_statements_covered_display": "100"}, "missing_lines": [], "excluded_lines": []}, "WorkingMemoryPipeline.__init__": {"executed_lines": [85, 86, 87, 90, 91, 92], "summary": {"covered_lines": 6, "num_statements": 7, "percent_covered": 85.71428571428571, "percent_covered_display": "86", "missing_lines": 1, "excluded_lines": 0, "percent_statements_covered": 85.71428571428571, "percent_statements_covered_display": "86"}, "missing_lines": [94], "excluded_lines": []}, "WorkingMemoryPipeline.record_frame": {"executed_lines": [109, 111, 112, 113, 115, 117, 130, 131], "summary": {"covered_lines": 8, "num_statements": 8, "percent_covered": 100.0, "percent_covered_display": "100", "missing_lines": 0, "excluded_lines": 0, "percent_statements_covered": 100.0, "percent_statements_covered_display": "100"}, "missing_lines": [], "excluded_lines": []}, "WorkingMemoryPipeline.process_synthesis": {"executed_lines": [], "summary": {"covered_lines": 0, "num_statements": 22, "percent_covered": 0.0, "percent_covered_display": "0", "missing_lines": 22, "excluded_lines": 0, "percent_statements_covered": 0.0, "percent_statements_covered_display": "0"}, "missing_lines": [144, 145, 146, 147, 153, 154, 156, 157, 158, 159, 161, 163, 175, 176, 179, 182, 186, 187, 189, 190, 194, 195], "excluded_lines": []}, "WorkingMemoryPipeline._formulate_dual_process_plan": {"executed_lines": [199, 200, 204], "summary": {"covered_lines": 3, "num_statements": 12, "percent_covered": 25.0, "percent_covered_display": "25", "missing_lines": 9, "excluded_lines": 0, "percent_statements_covered": 25.0, "percent_statements_covered_display": "25"}, "missing_lines": [209, 210, 211, 212, 213, 214, 215, 216, 217], "excluded_lines": []}, "WorkingMemoryPipeline._persist_frame": {"executed_lines": [221, 222, 223, 224, 225], "summary": {"covered_lines": 5, "num_statements": 13, "percent_covered": 38.46153846153846, "percent_covered_display": "38", "missing_lines": 8, "excluded_lines": 0, "percent_statements_covered": 38.46153846153846, "percent_statements_covered_display": "38"}, "missing_lines": [226, 227, 229, 230, 231, 232, 233, 234], "excluded_lines": []}, "WorkingMemoryPipeline._sanitize_code_content": {"executed_lines": [], "summary": {"covered_lines": 0, "num_statements": 7, "percent_covered": 0.0, "percent_covered_display": "0", "missing_lines": 7, "excluded_lines": 0, "percent_statements_covered": 0.0, "percent_statements_covered_display": "0"}, "missing_lines": [237, 238, 239, 240, 241, 242, 243], "excluded_lines": []}, "WorkingMemoryPipeline._predict_semantic_metadata": {"executed_lines": [], "summary": {"covered_lines": 0, "num_statements": 13, "percent_covered": 0.0, "percent_covered_display": "0", "missing_lines": 13, "excluded_lines": 0, "percent_statements_covered": 0.0, "percent_statements_covered_display": "0"}, "missing_lines": [248, 249, 250, 251, 255, 256, 257, 258, 259, 260, 261, 262, 265], "excluded_lines": []}, "": {"executed_lines": [4, 5, 6, 7, 8, 9, 10, 12, 13, 16, 19, 22, 23, 26, 27, 28, 29, 30, 31, 32, 33, 34, 35, 36, 37, 38, 39, 40, 42, 46, 47, 51, 68, 78, 96, 133, 197, 219, 236, 245], "summary": {"covered_lines": 37, "num_statements": 37, "percent_covered": 100.0, "percent_covered_display": "100", "missing_lines": 0, "excluded_lines": 2, "percent_statements_covered": 100.0, "percent_statements_covered_display": "100"}, "missing_lines": [], "excluded_lines": [16, 17]}}, "classes": {"ThoughtFrame": {"executed_lines": [43], "summary": {"covered_lines": 1, "num_statements": 1, "percent_covered": 100.0, "percent_covered_display": "100", "missing_lines": 0, "excluded_lines": 0, "percent_statements_covered": 100.0, "percent_statements_covered_display": "100"}, "missing_lines": [], "excluded_lines": []}, "WorkingMemoryPipeline": {"executed_lines": [85, 86, 87, 90, 91, 92, 109, 111, 112, 113, 115, 117, 130, 131, 199, 200, 204, 221, 222, 223, 224, 225], "summary": {"covered_lines": 22, "num_statements": 82, "percent_covered": 26.829268292682926, "percent_covered_display": "27", "missing_lines": 60, "excluded_lines": 0, "percent_statements_covered": 26.829268292682926, "percent_statements_covered_display": "27"}, "missing_lines": [94, 144, 145, 146, 147, 153, 154, 156, 157, 158, 159, 161, 163, 175, 176, 179, 182, 186, 187, 189, 190, 194, 195, 209, 210, 211, 212, 213, 214, 215, 216, 217, 226, 227, 229, 230, 231, 232, 233, 234, 237, 238, 239, 240, 241, 242, 243, 248, 249, 250, 251, 255, 256, 257, 258, 259, 260, 261, 262, 265], "excluded_lines": []}, "": {"executed_lines": [4, 5, 6, 7, 8, 9, 10, 12, 13, 16, 19, 22, 23, 26, 27, 28, 29, 30, 31, 32, 33, 34, 35, 36, 37, 38, 39, 40, 42, 46, 47, 51, 68, 78, 96, 133, 197, 219, 236, 245], "summary": {"covered_lines": 37, "num_statements": 37, "percent_covered": 100.0, "percent_covered_display": "100", "missing_lines": 0, "excluded_lines": 2, "percent_statements_covered": 100.0, "percent_statements_covered_display": "100"}, "missing_lines": [], "excluded_lines": [16, 17]}}}, "src/main.py": {"executed_lines": [], "summary": {"covered_lines": 0, "num_statements": 150, "percent_covered": 0.0, "percent_covered_display": "0", "missing_lines": 150, "excluded_lines": 0, "percent_statements_covered": 0.0, "percent_statements_covered_display": "0"}, "missing_lines": [4, 5, 6, 7, 9, 10, 11, 12, 13, 14, 15, 16, 17, 19, 20, 21, 22, 23, 24, 25, 27, 30, 31, 36, 37, 43, 50, 58, 66, 67, 72, 77, 85, 86, 93, 94, 99, 104, 107, 108, 109, 112, 113, 114, 115, 116, 119, 124, 129, 130, 133, 134, 135, 136, 137, 138, 140, 141, 142, 144, 145, 147, 148, 149, 150, 151, 153, 154, 155, 156, 157, 159, 160, 163, 164, 165, 167, 168, 170, 171, 172, 173, 174, 175, 176, 177, 179, 180, 182, 183, 185, 186, 187, 188, 190, 191, 193, 194, 196, 199, 200, 201, 202, 203, 205, 216, 217, 218, 220, 221, 222, 223, 224, 225, 226, 227, 228, 229, 231, 232, 235, 236, 237, 241, 242, 243, 244, 245, 246, 247, 250, 254, 256, 259, 268, 269, 270, 271, 272, 273, 278, 279, 281, 282, 284, 285, 286, 288, 291, 292], "excluded_lines": [], "functions": {"build_arg_parser": {"executed_lines": [], "summary": {"covered_lines": 0, "num_statements": 16, "percent_covered": 0.0, "percent_covered_display": "0", "missing_lines": 16, "excluded_lines": 0, "percent_statements_covered": 0.0, "percent_statements_covered_display": "0"}, "missing_lines": [31, 36, 37, 43, 50, 58, 66, 67, 72, 77, 85, 86, 93, 94, 99, 104], "excluded_lines": []}, "main": {"executed_lines": [], "summary": {"covered_lines": 0, "num_statements": 109, "percent_covered": 0.0, "percent_covered_display": "0", "missing_lines": 109, "excluded_lines": 0, "percent_statements_covered": 0.0, "percent_statements_covered_display": "0"}, "missing_lines": [108, 109, 112, 113, 114, 115, 116, 119, 124, 129, 130, 133, 134, 135, 136, 137, 138, 140, 141, 142, 144, 145, 147, 148, 149, 150, 151, 153, 154, 155, 156, 157, 159, 160, 163, 164, 165, 167, 168, 170, 171, 172, 173, 174, 175, 176, 177, 179, 180, 182, 183, 185, 186, 187, 188, 190, 191, 193, 194, 196, 199, 200, 201, 202, 203, 205, 216, 217, 218, 220, 221, 222, 223, 224, 225, 226, 227, 228, 229, 231, 232, 235, 236, 237, 241, 242, 243, 244, 245, 246, 247, 250, 254, 256, 259, 268, 269, 270, 271, 272, 273, 278, 279, 281, 282, 284, 285, 286, 288], "excluded_lines": []}, "": {"executed_lines": [], "summary": {"covered_lines": 0, "num_statements": 25, "percent_covered": 0.0, "percent_covered_display": "0", "missing_lines": 25, "excluded_lines": 0, "percent_statements_covered": 0.0, "percent_statements_covered_display": "0"}, "missing_lines": [4, 5, 6, 7, 9, 10, 11, 12, 13, 14, 15, 16, 17, 19, 20, 21, 22, 23, 24, 25, 27, 30, 107, 291, 292], "excluded_lines": []}}, "classes": {"": {"executed_lines": [], "summary": {"covered_lines": 0, "num_statements": 150, "percent_covered": 0.0, "percent_covered_display": "0", "missing_lines": 150, "excluded_lines": 0, "percent_statements_covered": 0.0, "percent_statements_covered_display": "0"}, "missing_lines": [4, 5, 6, 7, 9, 10, 11, 12, 13, 14, 15, 16, 17, 19, 20, 21, 22, 23, 24, 25, 27, 30, 31, 36, 37, 43, 50, 58, 66, 67, 72, 77, 85, 86, 93, 94, 99, 104, 107, 108, 109, 112, 113, 114, 115, 116, 119, 124, 129, 130, 133, 134, 135, 136, 137, 138, 140, 141, 142, 144, 145, 147, 148, 149, 150, 151, 153, 154, 155, 156, 157, 159, 160, 163, 164, 165, 167, 168, 170, 171, 172, 173, 174, 175, 176, 177, 179, 180, 182, 183, 185, 186, 187, 188, 190, 191, 193, 194, 196, 199, 200, 201, 202, 203, 205, 216, 217, 218, 220, 221, 222, 223, 224, 225, 226, 227, 228, 229, 231, 232, 235, 236, 237, 241, 242, 243, 244, 245, 246, 247, 250, 254, 256, 259, 268, 269, 270, 271, 272, 273, 278, 279, 281, 282, 284, 285, 286, 288, 291, 292], "excluded_lines": []}}}, "src/prompts/__init__.py": {"executed_lines": [], "summary": {"covered_lines": 0, "num_statements": 2, "percent_covered": 0.0, "percent_covered_display": "0", "missing_lines": 2, "excluded_lines": 0, "percent_statements_covered": 0.0, "percent_statements_covered_display": "0"}, "missing_lines": [3, 12], "excluded_lines": [], "functions": {"": {"executed_lines": [], "summary": {"covered_lines": 0, "num_statements": 2, "percent_covered": 0.0, "percent_covered_display": "0", "missing_lines": 2, "excluded_lines": 0, "percent_statements_covered": 0.0, "percent_statements_covered_display": "0"}, "missing_lines": [3, 12], "excluded_lines": []}}, "classes": {"": {"executed_lines": [], "summary": {"covered_lines": 0, "num_statements": 2, "percent_covered": 0.0, "percent_covered_display": "0", "missing_lines": 2, "excluded_lines": 0, "percent_statements_covered": 0.0, "percent_statements_covered_display": "0"}, "missing_lines": [3, 12], "excluded_lines": []}}}, "src/prompts/qwen_diff.py": {"executed_lines": [], "summary": {"covered_lines": 0, "num_statements": 63, "percent_covered": 0.0, "percent_covered_display": "0", "missing_lines": 63, "excluded_lines": 0, "percent_statements_covered": 0.0, "percent_statements_covered_display": "0"}, "missing_lines": [4, 5, 7, 12, 22, 40, 41, 44, 45, 48, 51, 54, 55, 56, 57, 58, 59, 60, 61, 62, 64, 66, 67, 70, 75, 76, 77, 79, 80, 81, 82, 83, 84, 85, 86, 88, 90, 91, 92, 93, 95, 96, 101, 106, 109, 110, 111, 117, 118, 124, 125, 127, 128, 130, 132, 133, 140, 141, 147, 148, 150, 151, 153], "excluded_lines": [], "functions": {"get_planner_system_prompt": {"executed_lines": [], "summary": {"covered_lines": 0, "num_statements": 1, "percent_covered": 0.0, "percent_covered_display": "0", "missing_lines": 1, "excluded_lines": 0, "percent_statements_covered": 0.0, "percent_statements_covered_display": "0"}, "missing_lines": [41], "excluded_lines": []}, "get_edit_system_prompt": {"executed_lines": [], "summary": {"covered_lines": 0, "num_statements": 1, "percent_covered": 0.0, "percent_covered_display": "0", "missing_lines": 1, "excluded_lines": 0, "percent_statements_covered": 0.0, "percent_statements_covered_display": "0"}, "missing_lines": [45], "excluded_lines": []}, "build_planner_user_prompt": {"executed_lines": [], "summary": {"covered_lines": 0, "num_statements": 12, "percent_covered": 0.0, "percent_covered_display": "0", "missing_lines": 12, "excluded_lines": 0, "percent_statements_covered": 0.0, "percent_statements_covered_display": "0"}, "missing_lines": [54, 55, 56, 57, 58, 59, 60, 61, 62, 64, 66, 67], "excluded_lines": []}, "build_user_prompt": {"executed_lines": [], "summary": {"covered_lines": 0, "num_statements": 20, "percent_covered": 0.0, "percent_covered_display": "0", "missing_lines": 20, "excluded_lines": 0, "percent_statements_covered": 0.0, "percent_statements_covered_display": "0"}, "missing_lines": [75, 76, 77, 79, 80, 81, 82, 83, 84, 85, 86, 88, 90, 91, 92, 93, 95, 96, 101, 106], "excluded_lines": []}, "QwenDiffPrompt.build_planner_prompts": {"executed_lines": [], "summary": {"covered_lines": 0, "num_statements": 7, "percent_covered": 0.0, "percent_covered_display": "0", "missing_lines": 7, "excluded_lines": 0, "percent_statements_covered": 0.0, "percent_statements_covered_display": "0"}, "missing_lines": [117, 118, 124, 125, 127, 128, 130], "excluded_lines": []}, "QwenDiffPrompt.build_prompts": {"executed_lines": [], "summary": {"covered_lines": 0, "num_statements": 7, "percent_covered": 0.0, "percent_covered_display": "0", "missing_lines": 7, "excluded_lines": 0, "percent_statements_covered": 0.0, "percent_statements_covered_display": "0"}, "missing_lines": [140, 141, 147, 148, 150, 151, 153], "excluded_lines": []}, "": {"executed_lines": [], "summary": {"covered_lines": 0, "num_statements": 15, "percent_covered": 0.0, "percent_covered_display": "0", "missing_lines": 15, "excluded_lines": 0, "percent_statements_covered": 0.0, "percent_statements_covered_display": "0"}, "missing_lines": [4, 5, 7, 12, 22, 40, 44, 48, 51, 70, 109, 110, 111, 132, 133], "excluded_lines": []}}, "classes": {"QwenDiffPrompt": {"executed_lines": [], "summary": {"covered_lines": 0, "num_statements": 14, "percent_covered": 0.0, "percent_covered_display": "0", "missing_lines": 14, "excluded_lines": 0, "percent_statements_covered": 0.0, "percent_statements_covered_display": "0"}, "missing_lines": [117, 118, 124, 125, 127, 128, 130, 140, 141, 147, 148, 150, 151, 153], "excluded_lines": []}, "": {"executed_lines": [], "summary": {"covered_lines": 0, "num_statements": 49, "percent_covered": 0.0, "percent_covered_display": "0", "missing_lines": 49, "excluded_lines": 0, "percent_statements_covered": 0.0, "percent_statements_covered_display": "0"}, "missing_lines": [4, 5, 7, 12, 22, 40, 41, 44, 45, 48, 51, 54, 55, 56, 57, 58, 59, 60, 61, 62, 64, 66, 67, 70, 75, 76, 77, 79, 80, 81, 82, 83, 84, 85, 86, 88, 90, 91, 92, 93, 95, 96, 101, 106, 109, 110, 111, 132, 133], "excluded_lines": []}}}, "src/reasoning/__init__.py": {"executed_lines": [0], "summary": {"covered_lines": 0, "num_statements": 0, "percent_covered": 100.0, "percent_covered_display": "100", "missing_lines": 0, "excluded_lines": 0, "percent_statements_covered": 100.0, "percent_statements_covered_display": "100"}, "missing_lines": [], "excluded_lines": [], "functions": {"": {"executed_lines": [], "summary": {"covered_lines": 0, "num_statements": 0, "percent_covered": 100.0, "percent_covered_display": "100", "missing_lines": 0, "excluded_lines": 0, "percent_statements_covered": 100.0, "percent_statements_covered_display": "100"}, "missing_lines": [], "excluded_lines": []}}, "classes": {"": {"executed_lines": [], "summary": {"covered_lines": 0, "num_statements": 0, "percent_covered": 100.0, "percent_covered_display": "100", "missing_lines": 0, "excluded_lines": 0, "percent_statements_covered": 100.0, "percent_statements_covered_display": "100"}, "missing_lines": [], "excluded_lines": []}}}, "src/reasoning/embedder.py": {"executed_lines": [4, 5, 7, 8, 9, 13, 16, 17, 23, 24, 25, 27, 28, 29, 35, 37, 39, 40, 41, 42, 43, 46, 47, 49], "summary": {"covered_lines": 22, "num_statements": 34, "percent_covered": 64.70588235294117, "percent_covered_display": "65", "missing_lines": 12, "excluded_lines": 0, "percent_statements_covered": 64.70588235294117, "percent_statements_covered_display": "65"}, "missing_lines": [10, 11, 30, 51, 52, 53, 54, 55, 56, 57, 58, 59], "excluded_lines": [], "functions": {"FeatureEmbedder.__init__": {"executed_lines": [24, 25], "summary": {"covered_lines": 2, "num_statements": 2, "percent_covered": 100.0, "percent_covered_display": "100", "missing_lines": 0, "excluded_lines": 0, "percent_statements_covered": 100.0, "percent_statements_covered_display": "100"}, "missing_lines": [], "excluded_lines": []}, "FeatureEmbedder._lazy_load": {"executed_lines": [28, 29, 35], "summary": {"covered_lines": 3, "num_statements": 4, "percent_covered": 75.0, "percent_covered_display": "75", "missing_lines": 1, "excluded_lines": 0, "percent_statements_covered": 75.0, "percent_statements_covered_display": "75"}, "missing_lines": [30], "excluded_lines": []}, "FeatureEmbedder.encode": {"executed_lines": [39, 40, 41, 42, 43], "summary": {"covered_lines": 5, "num_statements": 5, "percent_covered": 100.0, "percent_covered_display": "100", "missing_lines": 0, "excluded_lines": 0, "percent_statements_covered": 100.0, "percent_statements_covered_display": "100"}, "missing_lines": [], "excluded_lines": []}, "TextEmbedder.embed_text": {"executed_lines": [], "summary": {"covered_lines": 0, "num_statements": 9, "percent_covered": 0.0, "percent_covered_display": "0", "missing_lines": 9, "excluded_lines": 0, "percent_statements_covered": 0.0, "percent_statements_covered_display": "0"}, "missing_lines": [51, 52, 53, 54, 55, 56, 57, 58, 59], "excluded_lines": []}, "": {"executed_lines": [4, 5, 7, 8, 9, 13, 16, 17, 23, 27, 37, 46, 47, 49], "summary": {"covered_lines": 12, "num_statements": 14, "percent_covered": 85.71428571428571, "percent_covered_display": "86", "missing_lines": 2, "excluded_lines": 0, "percent_statements_covered": 85.71428571428571, "percent_statements_covered_display": "86"}, "missing_lines": [10, 11], "excluded_lines": []}}, "classes": {"FeatureEmbedder": {"executed_lines": [24, 25, 28, 29, 35, 39, 40, 41, 42, 43], "summary": {"covered_lines": 10, "num_statements": 11, "percent_covered": 90.9090909090909, "percent_covered_display": "91", "missing_lines": 1, "excluded_lines": 0, "percent_statements_covered": 90.9090909090909, "percent_statements_covered_display": "91"}, "missing_lines": [30], "excluded_lines": []}, "TextEmbedder": {"executed_lines": [], "summary": {"covered_lines": 0, "num_statements": 9, "percent_covered": 0.0, "percent_covered_display": "0", "missing_lines": 9, "excluded_lines": 0, "percent_statements_covered": 0.0, "percent_statements_covered_display": "0"}, "missing_lines": [51, 52, 53, 54, 55, 56, 57, 58, 59], "excluded_lines": []}, "": {"executed_lines": [4, 5, 7, 8, 9, 13, 16, 17, 23, 27, 37, 46, 47, 49], "summary": {"covered_lines": 12, "num_statements": 14, "percent_covered": 85.71428571428571, "percent_covered_display": "86", "missing_lines": 2, "excluded_lines": 0, "percent_statements_covered": 85.71428571428571, "percent_statements_covered_display": "86"}, "missing_lines": [10, 11], "excluded_lines": []}}}, "src/reasoning/graph_linker.py": {"executed_lines": [4, 6, 7, 8, 13, 14, 23, 46, 52, 53, 54, 55, 56, 58, 59, 60, 62, 66, 67, 68, 69, 71, 73, 74, 75, 76, 77, 78, 79, 80, 82, 87, 88, 89, 90, 91, 92, 93, 94, 97, 100, 121, 122, 130, 137, 141, 150, 168, 169, 170, 171, 172, 174, 175, 176, 177, 179, 180, 181, 182, 183, 185, 192, 193, 202, 223, 233], "summary": {"covered_lines": 66, "num_statements": 94, "percent_covered": 70.2127659574468, "percent_covered_display": "70", "missing_lines": 28, "excluded_lines": 0, "percent_statements_covered": 70.2127659574468, "percent_statements_covered_display": "70"}, "missing_lines": [9, 10, 61, 131, 132, 135, 142, 204, 205, 206, 207, 209, 210, 211, 213, 219, 220, 221, 225, 226, 227, 228, 229, 230, 231, 234, 235, 236], "excluded_lines": [], "functions": {"KnowledgeGraphLinker.__init__": {"executed_lines": [52, 53, 54, 55, 56], "summary": {"covered_lines": 5, "num_statements": 5, "percent_covered": 100.0, "percent_covered_display": "100", "missing_lines": 0, "excluded_lines": 0, "percent_statements_covered": 100.0, "percent_statements_covered_display": "100"}, "missing_lines": [], "excluded_lines": []}, "KnowledgeGraphLinker._get_driver": {"executed_lines": [59, 60, 62, 66, 67, 68, 69], "summary": {"covered_lines": 7, "num_statements": 8, "percent_covered": 87.5, "percent_covered_display": "88", "missing_lines": 1, "excluded_lines": 0, "percent_statements_covered": 87.5, "percent_statements_covered_display": "88"}, "missing_lines": [61], "excluded_lines": []}, "KnowledgeGraphLinker.init_schema": {"executed_lines": [73, 74, 75, 76, 77, 78, 79, 80], "summary": {"covered_lines": 8, "num_statements": 8, "percent_covered": 100.0, "percent_covered_display": "100", "missing_lines": 0, "excluded_lines": 0, "percent_statements_covered": 100.0, "percent_statements_covered_display": "100"}, "missing_lines": [], "excluded_lines": []}, "KnowledgeGraphLinker.sync_thought_frame_graph": {"executed_lines": [87, 88, 89, 90, 91, 92, 93, 94, 97, 100, 121, 122, 130], "summary": {"covered_lines": 13, "num_statements": 16, "percent_covered": 81.25, "percent_covered_display": "81", "missing_lines": 3, "excluded_lines": 0, "percent_statements_covered": 81.25, "percent_statements_covered_display": "81"}, "missing_lines": [131, 132, 135], "excluded_lines": []}, "KnowledgeGraphLinker.retrieve_graph_context": {"executed_lines": [141, 150, 168, 169, 170, 171, 172, 174, 175, 176, 177, 179, 180, 181, 182, 183, 185, 192, 193], "summary": {"covered_lines": 19, "num_statements": 20, "percent_covered": 95.0, "percent_covered_display": "95", "missing_lines": 1, "excluded_lines": 0, "percent_statements_covered": 95.0, "percent_statements_covered_display": "95"}, "missing_lines": [142], "excluded_lines": []}, "KnowledgeGraphLinker.reindex_file_on_disk": {"executed_lines": [], "summary": {"covered_lines": 0, "num_statements": 11, "percent_covered": 0.0, "percent_covered_display": "0", "missing_lines": 11, "excluded_lines": 0, "percent_statements_covered": 0.0, "percent_statements_covered_display": "0"}, "missing_lines": [204, 205, 206, 207, 209, 210, 211, 213, 219, 220, 221], "excluded_lines": []}, "KnowledgeGraphLinker.flush_graph": {"executed_lines": [], "summary": {"covered_lines": 0, "num_statements": 7, "percent_covered": 0.0, "percent_covered_display": "0", "missing_lines": 7, "excluded_lines": 0, "percent_statements_covered": 0.0, "percent_statements_covered_display": "0"}, "missing_lines": [225, 226, 227, 228, 229, 230, 231], "excluded_lines": []}, "KnowledgeGraphLinker.close": {"executed_lines": [], "summary": {"covered_lines": 0, "num_statements": 3, "percent_covered": 0.0, "percent_covered_display": "0", "missing_lines": 3, "excluded_lines": 0, "percent_statements_covered": 0.0, "percent_statements_covered_display": "0"}, "missing_lines": [234, 235, 236], "excluded_lines": []}, "": {"executed_lines": [4, 6, 7, 8, 13, 14, 23, 46, 58, 71, 82, 137, 202, 223, 233], "summary": {"covered_lines": 14, "num_statements": 16, "percent_covered": 87.5, "percent_covered_display": "88", "missing_lines": 2, "excluded_lines": 0, "percent_statements_covered": 87.5, "percent_statements_covered_display": "88"}, "missing_lines": [9, 10], "excluded_lines": []}}, "classes": {"KnowledgeGraphLinker": {"executed_lines": [52, 53, 54, 55, 56, 59, 60, 62, 66, 67, 68, 69, 73, 74, 75, 76, 77, 78, 79, 80, 87, 88, 89, 90, 91, 92, 93, 94, 97, 100, 121, 122, 130, 141, 150, 168, 169, 170, 171, 172, 174, 175, 176, 177, 179, 180, 181, 182, 183, 185, 192, 193], "summary": {"covered_lines": 52, "num_statements": 78, "percent_covered": 66.66666666666667, "percent_covered_display": "67", "missing_lines": 26, "excluded_lines": 0, "percent_statements_covered": 66.66666666666667, "percent_statements_covered_display": "67"}, "missing_lines": [61, 131, 132, 135, 142, 204, 205, 206, 207, 209, 210, 211, 213, 219, 220, 221, 225, 226, 227, 228, 229, 230, 231, 234, 235, 236], "excluded_lines": []}, "": {"executed_lines": [4, 6, 7, 8, 13, 14, 23, 46, 58, 71, 82, 137, 202, 223, 233], "summary": {"covered_lines": 14, "num_statements": 16, "percent_covered": 87.5, "percent_covered_display": "88", "missing_lines": 2, "excluded_lines": 0, "percent_statements_covered": 87.5, "percent_statements_covered_display": "88"}, "missing_lines": [9, 10], "excluded_lines": []}}}, "src/reasoning/pipeline.py": {"executed_lines": [4, 6, 7, 8, 9, 12, 13, 20, 26, 27, 28, 30, 32, 40, 41, 42, 43, 44, 45, 50, 51, 56, 57, 63], "summary": {"covered_lines": 23, "num_statements": 29, "percent_covered": 79.3103448275862, "percent_covered_display": "79", "missing_lines": 6, "excluded_lines": 0, "percent_statements_covered": 79.3103448275862, "percent_statements_covered_display": "79"}, "missing_lines": [46, 47, 52, 53, 60, 61], "excluded_lines": [], "functions": {"ReasoningOrchestrator.__init__": {"executed_lines": [26, 27, 28], "summary": {"covered_lines": 3, "num_statements": 3, "percent_covered": 100.0, "percent_covered_display": "100", "missing_lines": 0, "excluded_lines": 0, "percent_statements_covered": 100.0, "percent_statements_covered_display": "100"}, "missing_lines": [], "excluded_lines": []}, "ReasoningOrchestrator.process_and_store": {"executed_lines": [32, 40, 41, 42, 43, 44, 45, 50, 51, 56, 57, 63], "summary": {"covered_lines": 12, "num_statements": 18, "percent_covered": 66.66666666666667, "percent_covered_display": "67", "missing_lines": 6, "excluded_lines": 0, "percent_statements_covered": 66.66666666666667, "percent_statements_covered_display": "67"}, "missing_lines": [46, 47, 52, 53, 60, 61], "excluded_lines": []}, "": {"executed_lines": [4, 6, 7, 8, 9, 12, 13, 20, 30], "summary": {"covered_lines": 8, "num_statements": 8, "percent_covered": 100.0, "percent_covered_display": "100", "missing_lines": 0, "excluded_lines": 0, "percent_statements_covered": 100.0, "percent_statements_covered_display": "100"}, "missing_lines": [], "excluded_lines": []}}, "classes": {"ReasoningOrchestrator": {"executed_lines": [26, 27, 28, 32, 40, 41, 42, 43, 44, 45, 50, 51, 56, 57, 63], "summary": {"covered_lines": 15, "num_statements": 21, "percent_covered": 71.42857142857143, "percent_covered_display": "71", "missing_lines": 6, "excluded_lines": 0, "percent_statements_covered": 71.42857142857143, "percent_statements_covered_display": "71"}, "missing_lines": [46, 47, 52, 53, 60, 61], "excluded_lines": []}, "": {"executed_lines": [4, 6, 7, 8, 9, 12, 13, 20, 30], "summary": {"covered_lines": 8, "num_statements": 8, "percent_covered": 100.0, "percent_covered_display": "100", "missing_lines": 0, "excluded_lines": 0, "percent_statements_covered": 100.0, "percent_statements_covered_display": "100"}, "missing_lines": [], "excluded_lines": []}}}}, "totals": {"covered_lines": 465, "num_statements": 1376, "percent_covered": 33.79360465116279, "percent_covered_display": "34", "missing_lines": 911, "excluded_lines": 5, "percent_statements_covered": 33.79360465116279, "percent_statements_covered_display": "34"}}