{"meta": {"format": 3, "version": "7.15.4", "timestamp": "2026-08-24T20:03:32.302716", "branch_coverage": false, "show_contexts": false}, "files": {"src/coordinator/__init__.py": {"executed_lines": [6, 7, 8, 10], "summary": {"covered_lines": 4, "num_statements": 4, "percent_covered": 100.0, "percent_covered_display": "100", "missing_lines": 0, "excluded_lines": 0, "percent_statements_covered": 100.0, "percent_statements_covered_display": "100"}, "missing_lines": [], "excluded_lines": [], "functions": {"": {"executed_lines": [6, 7, 8, 10], "summary": {"covered_lines": 4, "num_statements": 4, "percent_covered": 100.0, "percent_covered_display": "100", "missing_lines": 0, "excluded_lines": 0, "percent_statements_covered": 100.0, "percent_statements_covered_display": "100"}, "missing_lines": [], "excluded_lines": [], "start_line": 1}}, "classes": {"": {"executed_lines": [6, 7, 8, 10], "summary": {"covered_lines": 4, "num_statements": 4, "percent_covered": 100.0, "percent_covered_display": "100", "missing_lines": 0, "excluded_lines": 0, "percent_statements_covered": 100.0, "percent_statements_covered_display": "100"}, "missing_lines": [], "excluded_lines": [], "start_line": 1}}}, "src/coordinator/architect.py": {"executed_lines": [4, 5, 6, 7, 8, 9, 11, 13, 17, 19, 20, 44, 57, 114], "summary": {"covered_lines": 14, "num_statements": 78, "percent_covered": 17.94871794871795, "percent_covered_display": "18", "missing_lines": 64, "excluded_lines": 0, "percent_statements_covered": 17.94871794871795, "percent_statements_covered_display": "18"}, "missing_lines": [33, 34, 35, 36, 37, 38, 39, 40, 41, 42, 46, 47, 48, 55, 58, 60, 61, 62, 65, 66, 67, 68, 69, 71, 72, 73, 74, 75, 77, 78, 80, 85, 86, 88, 89, 91, 92, 94, 95, 96, 97, 98, 100, 101, 103, 104, 106, 107, 108, 109, 110, 111, 112, 116, 117, 118, 119, 120, 121, 123, 129, 135, 136, 137], "excluded_lines": [], "functions": {"ArchitectCoordinator.__init__": {"executed_lines": [], "summary": {"covered_lines": 0, "num_statements": 10, "percent_covered": 0.0, "percent_covered_display": "0", "missing_lines": 10, "excluded_lines": 0, "percent_statements_covered": 0.0, "percent_statements_covered_display": "0"}, "missing_lines": [33, 34, 35, 36, 37, 38, 39, 40, 41, 42], "excluded_lines": [], "start_line": 20}, "ArchitectCoordinator.create_recipe": {"executed_lines": [], "summary": {"covered_lines": 0, "num_statements": 4, "percent_covered": 0.0, "percent_covered_display": "0", "missing_lines": 4, "excluded_lines": 0, "percent_statements_covered": 0.0, "percent_statements_covered_display": "0"}, "missing_lines": [46, 47, 48, 55], "excluded_lines": [], "start_line": 44}, "ArchitectCoordinator.execute_step": {"executed_lines": [], "summary": {"covered_lines": 0, "num_statements": 39, "percent_covered": 0.0, "percent_covered_display": "0", "missing_lines": 39, "excluded_lines": 0, "percent_statements_covered": 0.0, "percent_statements_covered_display": "0"}, "missing_lines": [58, 60, 61, 62, 65, 66, 67, 68, 69, 71, 72, 73, 74, 75, 77, 78, 80, 85, 86, 88, 89, 91, 92, 94, 95, 96, 97, 98, 100, 101, 103, 104, 106, 107, 108, 109, 110, 111, 112], "excluded_lines": [], "start_line": 57}, "ArchitectCoordinator._post_edit_sync": {"executed_lines": [], "summary": {"covered_lines": 0, "num_statements": 11, "percent_covered": 0.0, "percent_covered_display": "0", "missing_lines": 11, "excluded_lines": 0, "percent_statements_covered": 0.0, "percent_statements_covered_display": "0"}, "missing_lines": [116, 117, 118, 119, 120, 121, 123, 129, 135, 136, 137], "excluded_lines": [], "start_line": 114}, "": {"executed_lines": [4, 5, 6, 7, 8, 9, 11, 13, 17, 19, 20, 44, 57, 114], "summary": {"covered_lines": 14, "num_statements": 14, "percent_covered": 100.0, "percent_covered_display": "100", "missing_lines": 0, "excluded_lines": 0, "percent_statements_covered": 100.0, "percent_statements_covered_display": "100"}, "missing_lines": [], "excluded_lines": [], "start_line": 1}}, "classes": {"RecipeStep": {"executed_lines": [], "summary": {"covered_lines": 0, "num_statements": 0, "percent_covered": 100.0, "percent_covered_display": "100", "missing_lines": 0, "excluded_lines": 0, "percent_statements_covered": 100.0, "percent_statements_covered_display": "100"}, "missing_lines": [], "excluded_lines": [], "start_line": 13}, "ArchitectCoordinator": {"executed_lines": [], "summary": {"covered_lines": 0, "num_statements": 64, "percent_covered": 0.0, "percent_covered_display": "0", "missing_lines": 64, "excluded_lines": 0, "percent_statements_covered": 0.0, "percent_statements_covered_display": "0"}, "missing_lines": [33, 34, 35, 36, 37, 38, 39, 40, 41, 42, 46, 47, 48, 55, 58, 60, 61, 62, 65, 66, 67, 68, 69, 71, 72, 73, 74, 75, 77, 78, 80, 85, 86, 88, 89, 91, 92, 94, 95, 96, 97, 98, 100, 101, 103, 104, 106, 107, 108, 109, 110, 111, 112, 116, 117, 118, 119, 120, 121, 123, 129, 135, 136, 137], "excluded_lines": [], "start_line": 19}, "": {"executed_lines": [4, 5, 6, 7, 8, 9, 11, 13, 17, 19, 20, 44, 57, 114], "summary": {"covered_lines": 14, "num_statements": 14, "percent_covered": 100.0, "percent_covered_display": "100", "missing_lines": 0, "excluded_lines": 0, "percent_statements_covered": 100.0, "percent_statements_covered_display": "100"}, "missing_lines": [], "excluded_lines": [], "start_line": 1}}}, "src/coordinator/divergence.py": {"executed_lines": [4, 5, 6, 7, 9, 12, 15, 24, 46, 77], "summary": {"covered_lines": 10, "num_statements": 49, "percent_covered": 20.408163265306122, "percent_covered_display": "20", "missing_lines": 39, "excluded_lines": 0, "percent_statements_covered": 20.408163265306122, "percent_statements_covered_display": "20"}, "missing_lines": [16, 17, 18, 19, 26, 27, 28, 33, 34, 35, 38, 39, 40, 41, 50, 51, 58, 59, 68, 69, 70, 71, 72, 79, 80, 81, 83, 84, 85, 86, 87, 89, 90, 91, 92, 97, 98, 99, 100], "excluded_lines": [], "functions": {"DivergenceHandler.__init__": {"executed_lines": [], "summary": {"covered_lines": 0, "num_statements": 4, "percent_covered": 0.0, "percent_covered_display": "0", "missing_lines": 4, "excluded_lines": 0, "percent_statements_covered": 0.0, "percent_statements_covered_display": "0"}, "missing_lines": [16, 17, 18, 19], "excluded_lines": [], "start_line": 15}, "DivergenceHandler.enrich_via_searxng": {"executed_lines": [], "summary": {"covered_lines": 0, "num_statements": 10, "percent_covered": 0.0, "percent_covered_display": "0", "missing_lines": 10, "excluded_lines": 0, "percent_statements_covered": 0.0, "percent_statements_covered_display": "0"}, "missing_lines": [26, 27, 28, 33, 34, 35, 38, 39, 40, 41], "excluded_lines": [], "start_line": 24}, "DivergenceHandler.enrich_via_upstream_api": {"executed_lines": [], "summary": {"covered_lines": 0, "num_statements": 9, "percent_covered": 0.0, "percent_covered_display": "0", "missing_lines": 9, "excluded_lines": 0, "percent_statements_covered": 0.0, "percent_statements_covered_display": "0"}, "missing_lines": [50, 51, 58, 59, 68, 69, 70, 71, 72], "excluded_lines": [], "start_line": 46}, "DivergenceHandler.enrich_via_redis_memory": {"executed_lines": [], "summary": {"covered_lines": 0, "num_statements": 16, "percent_covered": 0.0, "percent_covered_display": "0", "missing_lines": 16, "excluded_lines": 0, "percent_statements_covered": 0.0, "percent_statements_covered_display": "0"}, "missing_lines": [79, 80, 81, 83, 84, 85, 86, 87, 89, 90, 91, 92, 97, 98, 99, 100], "excluded_lines": [], "start_line": 77}, "": {"executed_lines": [4, 5, 6, 7, 9, 12, 15, 24, 46, 77], "summary": {"covered_lines": 10, "num_statements": 10, "percent_covered": 100.0, "percent_covered_display": "100", "missing_lines": 0, "excluded_lines": 0, "percent_statements_covered": 100.0, "percent_statements_covered_display": "100"}, "missing_lines": [], "excluded_lines": [], "start_line": 1}}, "classes": {"DivergenceHandler": {"executed_lines": [], "summary": {"covered_lines": 0, "num_statements": 39, "percent_covered": 0.0, "percent_covered_display": "0", "missing_lines": 39, "excluded_lines": 0, "percent_statements_covered": 0.0, "percent_statements_covered_display": "0"}, "missing_lines": [16, 17, 18, 19, 26, 27, 28, 33, 34, 35, 38, 39, 40, 41, 50, 51, 58, 59, 68, 69, 70, 71, 72, 79, 80, 81, 83, 84, 85, 86, 87, 89, 90, 91, 92, 97, 98, 99, 100], "excluded_lines": [], "start_line": 12}, "": {"executed_lines": [4, 5, 6, 7, 9, 12, 15, 24, 46, 77], "summary": {"covered_lines": 10, "num_statements": 10, "percent_covered": 100.0, "percent_covered_display": "100", "missing_lines": 0, "excluded_lines": 0, "percent_statements_covered": 100.0, "percent_statements_covered_display": "100"}, "missing_lines": [], "excluded_lines": [], "start_line": 1}}}, "src/coordinator/pachinko.py": {"executed_lines": [2, 3, 4, 7, 8, 9, 10, 11, 12, 15, 19, 22, 25, 26, 28, 30, 31, 32, 38, 39, 52, 54, 57, 58, 61, 62, 66, 68, 69, 70], "summary": {"covered_lines": 30, "num_statements": 42, "percent_covered": 71.42857142857143, "percent_covered_display": "71", "missing_lines": 12, "excluded_lines": 0, "percent_statements_covered": 71.42857142857143, "percent_statements_covered_display": "71"}, "missing_lines": [45, 63, 72, 73, 75, 76, 77, 78, 79, 80, 81, 83], "excluded_lines": [], "functions": {"PachinkoRouter.__init__": {"executed_lines": [26], "summary": {"covered_lines": 1, "num_statements": 1, "percent_covered": 100.0, "percent_covered_display": "100", "missing_lines": 0, "excluded_lines": 0, "percent_statements_covered": 100.0, "percent_statements_covered_display": "100"}, "missing_lines": [], "excluded_lines": [], "start_line": 25}, "PachinkoRouter.route": {"executed_lines": [30, 31, 32, 38, 39], "summary": {"covered_lines": 5, "num_statements": 6, "percent_covered": 83.33333333333333, "percent_covered_display": "83", "missing_lines": 1, "excluded_lines": 0, "percent_statements_covered": 83.33333333333333, "percent_statements_covered_display": "83"}, "missing_lines": [45], "excluded_lines": [], "start_line": 28}, "PachinkoRouter.route_target": {"executed_lines": [54, 57, 58, 61, 62, 66], "summary": {"covered_lines": 6, "num_statements": 7, "percent_covered": 85.71428571428571, "percent_covered_display": "86", "missing_lines": 1, "excluded_lines": 0, "percent_statements_covered": 85.71428571428571, "percent_statements_covered_display": "86"}, "missing_lines": [63], "excluded_lines": [], "start_line": 52}, "PachinkoRouter._fuzzy_find_path": {"executed_lines": [69, 70], "summary": {"covered_lines": 2, "num_statements": 12, "percent_covered": 16.666666666666668, "percent_covered_display": "17", "missing_lines": 10, "excluded_lines": 0, "percent_statements_covered": 16.666666666666668, "percent_statements_covered_display": "17"}, "missing_lines": [72, 73, 75, 76, 77, 78, 79, 80, 81, 83], "excluded_lines": [], "start_line": 68}, "": {"executed_lines": [2, 3, 4, 7, 8, 9, 10, 11, 12, 15, 19, 22, 25, 28, 52, 68], "summary": {"covered_lines": 16, "num_statements": 16, "percent_covered": 100.0, "percent_covered_display": "100", "missing_lines": 0, "excluded_lines": 0, "percent_statements_covered": 100.0, "percent_statements_covered_display": "100"}, "missing_lines": [], "excluded_lines": [], "start_line": 1}}, "classes": {"OperationalIntent": {"executed_lines": [], "summary": {"covered_lines": 0, "num_statements": 0, "percent_covered": 100.0, "percent_covered_display": "100", "missing_lines": 0, "excluded_lines": 0, "percent_statements_covered": 100.0, "percent_statements_covered_display": "100"}, "missing_lines": [], "excluded_lines": [], "start_line": 7}, "DispatchDecision": {"executed_lines": [], "summary": {"covered_lines": 0, "num_statements": 0, "percent_covered": 100.0, "percent_covered_display": "100", "missing_lines": 0, "excluded_lines": 0, "percent_statements_covered": 100.0, "percent_statements_covered_display": "100"}, "missing_lines": [], "excluded_lines": [], "start_line": 15}, "PachinkoRouter": {"executed_lines": [26, 30, 31, 32, 38, 39, 54, 57, 58, 61, 62, 66, 69, 70], "summary": {"covered_lines": 14, "num_statements": 26, "percent_covered": 53.84615384615385, "percent_covered_display": "54", "missing_lines": 12, "excluded_lines": 0, "percent_statements_covered": 53.84615384615385, "percent_statements_covered_display": "54"}, "missing_lines": [45, 63, 72, 73, 75, 76, 77, 78, 79, 80, 81, 83], "excluded_lines": [], "start_line": 22}, "": {"executed_lines": [2, 3, 4, 7, 8, 9, 10, 11, 12, 15, 19, 22, 25, 28, 52, 68], "summary": {"covered_lines": 16, "num_statements": 16, "percent_covered": 100.0, "percent_covered_display": "100", "missing_lines": 0, "excluded_lines": 0, "percent_statements_covered": 100.0, "percent_statements_covered_display": "100"}, "missing_lines": [], "excluded_lines": [], "start_line": 1}}}, "src/engine/__init__.py": {"executed_lines": [5, 6, 7, 8, 9, 11], "summary": {"covered_lines": 6, "num_statements": 6, "percent_covered": 100.0, "percent_covered_display": "100", "missing_lines": 0, "excluded_lines": 0, "percent_statements_covered": 100.0, "percent_statements_covered_display": "100"}, "missing_lines": [], "excluded_lines": [], "functions": {"": {"executed_lines": [5, 6, 7, 8, 9, 11], "summary": {"covered_lines": 6, "num_statements": 6, "percent_covered": 100.0, "percent_covered_display": "100", "missing_lines": 0, "excluded_lines": 0, "percent_statements_covered": 100.0, "percent_statements_covered_display": "100"}, "missing_lines": [], "excluded_lines": [], "start_line": 1}}, "classes": {"": {"executed_lines": [5, 6, 7, 8, 9, 11], "summary": {"covered_lines": 6, "num_statements": 6, "percent_covered": 100.0, "percent_covered_display": "100", "missing_lines": 0, "excluded_lines": 0, "percent_statements_covered": 100.0, "percent_statements_covered_display": "100"}, "missing_lines": [], "excluded_lines": [], "start_line": 1}}}, "src/engine/analyzer.py": {"executed_lines": [3, 4, 5, 6, 7, 9, 10, 11, 12, 13, 14, 15, 16, 17, 18, 23, 27, 30, 31, 32, 33, 35, 37, 73], "summary": {"covered_lines": 24, "num_statements": 66, "percent_covered": 36.36363636363637, "percent_covered_display": "36", "missing_lines": 42, "excluded_lines": 0, "percent_statements_covered": 36.36363636363637, "percent_statements_covered_display": "36"}, "missing_lines": [24, 25, 42, 51, 52, 53, 54, 55, 56, 57, 58, 59, 60, 61, 62, 63, 64, 65, 66, 67, 68, 69, 70, 71, 75, 76, 77, 80, 81, 82, 83, 84, 85, 86, 87, 89, 90, 98, 99, 102, 103, 106], "excluded_lines": [], "functions": {"CodeAnalyzer.extract_facts": {"executed_lines": [], "summary": {"covered_lines": 0, "num_statements": 22, "percent_covered": 0.0, "percent_covered_display": "0", "missing_lines": 22, "excluded_lines": 0, "percent_statements_covered": 0.0, "percent_statements_covered_display": "0"}, "missing_lines": [42, 51, 52, 53, 54, 55, 56, 57, 58, 59, 60, 61, 62, 63, 64, 65, 66, 67, 68, 69, 70, 71], "excluded_lines": [], "start_line": 37}, "CodeAnalyzer.analyze": {"executed_lines": [], "summary": {"covered_lines": 0, "num_statements": 18, "percent_covered": 0.0, "percent_covered_display": "0", "missing_lines": 18, "excluded_lines": 0, "percent_statements_covered": 0.0, "percent_statements_covered_display": "0"}, "missing_lines": [75, 76, 77, 80, 81, 82, 83, 84, 85, 86, 87, 89, 90, 98, 99, 102, 103, 106], "excluded_lines": [], "start_line": 73}, "": {"executed_lines": [3, 4, 5, 6, 7, 9, 10, 11, 12, 13, 14, 15, 16, 17, 18, 23, 27, 30, 31, 32, 33, 35, 37, 73], "summary": {"covered_lines": 24, "num_statements": 26, "percent_covered": 92.3076923076923, "percent_covered_display": "92", "missing_lines": 2, "excluded_lines": 0, "percent_statements_covered": 92.3076923076923, "percent_statements_covered_display": "92"}, "missing_lines": [24, 25], "excluded_lines": [], "start_line": 1}}, "classes": {"CodeAnalysis": {"executed_lines": [], "summary": {"covered_lines": 0, "num_statements": 0, "percent_covered": 100.0, "percent_covered_display": "100", "missing_lines": 0, "excluded_lines": 0, "percent_statements_covered": 100.0, "percent_statements_covered_display": "100"}, "missing_lines": [], "excluded_lines": [], "start_line": 27}, "CodeAnalyzer": {"executed_lines": [], "summary": {"covered_lines": 0, "num_statements": 40, "percent_covered": 0.0, "percent_covered_display": "0", "missing_lines": 40, "excluded_lines": 0, "percent_statements_covered": 0.0, "percent_statements_covered_display": "0"}, "missing_lines": [42, 51, 52, 53, 54, 55, 56, 57, 58, 59, 60, 61, 62, 63, 64, 65, 66, 67, 68, 69, 70, 71, 75, 76, 77, 80, 81, 82, 83, 84, 85, 86, 87, 89, 90, 98, 99, 102, 103, 106], "excluded_lines": [], "start_line": 35}, "": {"executed_lines": [3, 4, 5, 6, 7, 9, 10, 11, 12, 13, 14, 15, 16, 17, 18, 23, 27, 30, 31, 32, 33, 35, 37, 73], "summary": {"covered_lines": 24, "num_statements": 26, "percent_covered": 92.3076923076923, "percent_covered_display": "92", "missing_lines": 2, "excluded_lines": 0, "percent_statements_covered": 92.3076923076923, "percent_statements_covered_display": "92"}, "missing_lines": [24, 25], "excluded_lines": [], "start_line": 1}}}, "src/engine/anchor_patch.py": {"executed_lines": [3, 4, 5, 6, 7, 8, 9, 10, 15, 16, 17, 19, 20, 21, 22, 23, 24, 25, 26, 28, 29, 37, 42, 43, 44, 45, 46, 49, 57, 76, 77, 79, 80, 82, 223, 227, 228, 230, 231, 232, 233, 236, 244, 245, 246, 248, 249, 250, 251, 252, 253, 254, 256, 258, 273, 297, 299, 302, 303, 314, 317, 318, 337, 340, 341, 342, 345, 346, 348, 349, 350, 351, 352, 353, 354, 360, 361, 365, 369, 371, 372, 382, 385, 386, 387, 388, 389, 392, 395, 396, 397, 401, 404, 405, 406, 408, 409, 410, 449, 450, 452], "summary": {"covered_lines": 101, "num_statements": 248, "percent_covered": 40.725806451612904, "percent_covered_display": "41", "missing_lines": 147, "excluded_lines": 0, "percent_statements_covered": 40.725806451612904, "percent_statements_covered_display": "41"}, "missing_lines": [38, 39, 78, 86, 87, 88, 90, 93, 94, 95, 96, 97, 98, 99, 100, 102, 103, 104, 105, 106, 107, 115, 116, 117, 118, 119, 127, 128, 130, 132, 133, 134, 135, 136, 137, 140, 150, 151, 152, 153, 154, 157, 158, 159, 160, 161, 170, 172, 173, 174, 175, 176, 177, 178, 179, 180, 181, 182, 183, 184, 187, 188, 197, 199, 202, 203, 213, 214, 215, 216, 217, 218, 219, 221, 229, 234, 237, 238, 242, 260, 261, 262, 263, 264, 269, 270, 271, 274, 275, 278, 279, 280, 281, 282, 285, 286, 287, 289, 290, 291, 292, 293, 295, 300, 315, 338, 343, 344, 355, 356, 357, 358, 359, 364, 367, 383, 390, 391, 398, 399, 400, 402, 403, 411, 412, 417, 422, 428, 429, 430, 431, 432, 433, 434, 435, 436, 437, 438, 439, 440, 441, 442, 443, 444, 445, 446, 448], "excluded_lines": [], "functions": {"AnchorPatcher._detect_language": {"executed_lines": [77, 79, 80], "summary": {"covered_lines": 3, "num_statements": 4, "percent_covered": 75.0, "percent_covered_display": "75", "missing_lines": 1, "excluded_lines": 0, "percent_statements_covered": 75.0, "percent_statements_covered_display": "75"}, "missing_lines": [78], "excluded_lines": [], "start_line": 76}, "AnchorPatcher.parse_blocks": {"executed_lines": [], "summary": {"covered_lines": 0, "num_statements": 71, "percent_covered": 0.0, "percent_covered_display": "0", "missing_lines": 71, "excluded_lines": 0, "percent_statements_covered": 0.0, "percent_statements_covered_display": "0"}, "missing_lines": [86, 87, 88, 90, 93, 94, 95, 96, 97, 98, 99, 100, 102, 103, 104, 105, 106, 107, 115, 116, 117, 118, 119, 127, 128, 130, 132, 133, 134, 135, 136, 137, 140, 150, 151, 152, 153, 154, 157, 158, 159, 160, 161, 170, 172, 173, 174, 175, 176, 177, 178, 179, 180, 181, 182, 183, 184, 187, 188, 197, 199, 202, 203, 213, 214, 215, 216, 217, 218, 219, 221], "excluded_lines": [], "start_line": 82}, "AnchorPatcher.locate_fuzzy_anchor": {"executed_lines": [227, 228, 230, 231, 232, 233, 236, 244, 245, 246, 248, 249, 250, 251, 252, 253, 254, 256], "summary": {"covered_lines": 18, "num_statements": 23, "percent_covered": 78.26086956521739, "percent_covered_display": "78", "missing_lines": 5, "excluded_lines": 0, "percent_statements_covered": 78.26086956521739, "percent_statements_covered_display": "78"}, "missing_lines": [229, 234, 237, 238, 242], "excluded_lines": [], "start_line": 223}, "AnchorPatcher.wrap_symbolic_syntax": {"executed_lines": [], "summary": {"covered_lines": 0, "num_statements": 8, "percent_covered": 0.0, "percent_covered_display": "0", "missing_lines": 8, "excluded_lines": 0, "percent_statements_covered": 0.0, "percent_statements_covered_display": "0"}, "missing_lines": [260, 261, 262, 263, 264, 269, 270, 271], "excluded_lines": [], "start_line": 258}, "AnchorPatcher._extract_code_fault_tolerant": {"executed_lines": [], "summary": {"covered_lines": 0, "num_statements": 16, "percent_covered": 0.0, "percent_covered_display": "0", "missing_lines": 16, "excluded_lines": 0, "percent_statements_covered": 0.0, "percent_statements_covered_display": "0"}, "missing_lines": [274, 275, 278, 279, 280, 281, 282, 285, 286, 287, 289, 290, 291, 292, 293, 295], "excluded_lines": [], "start_line": 273}, "AnchorPatcher._validate_syntax": {"executed_lines": [299, 302, 303, 314, 317, 318, 337, 340, 341, 342, 345, 346, 348, 349, 350, 351, 352, 353, 354, 360, 361, 365], "summary": {"covered_lines": 22, "num_statements": 34, "percent_covered": 64.70588235294117, "percent_covered_display": "65", "missing_lines": 12, "excluded_lines": 0, "percent_statements_covered": 64.70588235294117, "percent_statements_covered_display": "65"}, "missing_lines": [300, 315, 338, 343, 344, 355, 356, 357, 358, 359, 364, 367], "excluded_lines": [], "start_line": 297}, "AnchorPatcher.extract_ast_facts": {"executed_lines": [371, 372, 382, 385, 386, 387, 388, 389, 392, 395, 396, 397, 401, 404, 405, 406, 408, 409, 410, 449, 450, 452], "summary": {"covered_lines": 22, "num_statements": 36, "percent_covered": 61.111111111111114, "percent_covered_display": "61", "missing_lines": 14, "excluded_lines": 0, "percent_statements_covered": 61.111111111111114, "percent_statements_covered_display": "61"}, "missing_lines": [383, 390, 391, 398, 399, 400, 402, 403, 411, 412, 417, 422, 428, 448], "excluded_lines": [], "start_line": 369}, "AnchorPatcher.extract_ast_facts.traverse": {"executed_lines": [], "summary": {"covered_lines": 0, "num_statements": 18, "percent_covered": 0.0, "percent_covered_display": "0", "missing_lines": 18, "excluded_lines": 0, "percent_statements_covered": 0.0, "percent_statements_covered_display": "0"}, "missing_lines": [429, 430, 431, 432, 433, 434, 435, 436, 437, 438, 439, 440, 441, 442, 443, 444, 445, 446], "excluded_lines": [], "start_line": 428}, "": {"executed_lines": [3, 4, 5, 6, 7, 8, 9, 10, 15, 16, 17, 19, 20, 21, 22, 23, 24, 25, 26, 28, 29, 37, 42, 43, 44, 45, 46, 49, 57, 76, 82, 223, 258, 273, 297, 369], "summary": {"covered_lines": 36, "num_statements": 38, "percent_covered": 94.73684210526316, "percent_covered_display": "95", "missing_lines": 2, "excluded_lines": 0, "percent_statements_covered": 94.73684210526316, "percent_statements_covered_display": "95"}, "missing_lines": [38, 39], "excluded_lines": [], "start_line": 1}}, "classes": {"PatchBlock": {"executed_lines": [], "summary": {"covered_lines": 0, "num_statements": 0, "percent_covered": 100.0, "percent_covered_display": "100", "missing_lines": 0, "excluded_lines": 0, "percent_statements_covered": 100.0, "percent_statements_covered_display": "100"}, "missing_lines": [], "excluded_lines": [], "start_line": 42}, "AnchorPatcher": {"executed_lines": [77, 79, 80, 227, 228, 230, 231, 232, 233, 236, 244, 245, 246, 248, 249, 250, 251, 252, 253, 254, 256, 299, 302, 303, 314, 317, 318, 337, 340, 341, 342, 345, 346, 348, 349, 350, 351, 352, 353, 354, 360, 361, 365, 371, 372, 382, 385, 386, 387, 388, 389, 392, 395, 396, 397, 401, 404, 405, 406, 408, 409, 410, 449, 450, 452], "summary": {"covered_lines": 65, "num_statements": 210, "percent_covered": 30.952380952380953, "percent_covered_display": "31", "missing_lines": 145, "excluded_lines": 0, "percent_statements_covered": 30.952380952380953, "percent_statements_covered_display": "31"}, "missing_lines": [78, 86, 87, 88, 90, 93, 94, 95, 96, 97, 98, 99, 100, 102, 103, 104, 105, 106, 107, 115, 116, 117, 118, 119, 127, 128, 130, 132, 133, 134, 135, 136, 137, 140, 150, 151, 152, 153, 154, 157, 158, 159, 160, 161, 170, 172, 173, 174, 175, 176, 177, 178, 179, 180, 181, 182, 183, 184, 187, 188, 197, 199, 202, 203, 213, 214, 215, 216, 217, 218, 219, 221, 229, 234, 237, 238, 242, 260, 261, 262, 263, 264, 269, 270, 271, 274, 275, 278, 279, 280, 281, 282, 285, 286, 287, 289, 290, 291, 292, 293, 295, 300, 315, 338, 343, 344, 355, 356, 357, 358, 359, 364, 367, 383, 390, 391, 398, 399, 400, 402, 403, 411, 412, 417, 422, 428, 429, 430, 431, 432, 433, 434, 435, 436, 437, 438, 439, 440, 441, 442, 443, 444, 445, 446, 448], "excluded_lines": [], "start_line": 49}, "": {"executed_lines": [3, 4, 5, 6, 7, 8, 9, 10, 15, 16, 17, 19, 20, 21, 22, 23, 24, 25, 26, 28, 29, 37, 42, 43, 44, 45, 46, 49, 57, 76, 82, 223, 258, 273, 297, 369], "summary": {"covered_lines": 36, "num_statements": 38, "percent_covered": 94.73684210526316, "percent_covered_display": "95", "missing_lines": 2, "excluded_lines": 0, "percent_statements_covered": 94.73684210526316, "percent_statements_covered_display": "95"}, "missing_lines": [38, 39], "excluded_lines": [], "start_line": 1}}}, "src/engine/context.py": {"executed_lines": [4, 5, 6, 7, 8, 11, 14, 15, 16, 19, 24, 31, 32, 33, 34, 35, 36, 38, 67, 94, 125, 126, 127, 128, 130, 131, 132, 133, 134, 135, 136, 140, 142, 158, 205], "summary": {"covered_lines": 35, "num_statements": 137, "percent_covered": 25.547445255474454, "percent_covered_display": "26", "missing_lines": 102, "excluded_lines": 0, "percent_statements_covered": 25.547445255474454, "percent_statements_covered_display": "26"}, "missing_lines": [40, 43, 44, 45, 48, 49, 50, 51, 54, 55, 56, 57, 58, 61, 62, 63, 65, 69, 70, 71, 74, 75, 76, 77, 79, 80, 81, 82, 83, 84, 87, 88, 92, 98, 99, 101, 102, 104, 105, 106, 107, 108, 110, 111, 113, 120, 121, 123, 129, 137, 138, 139, 143, 144, 145, 146, 147, 148, 149, 150, 151, 152, 153, 154, 155, 156, 159, 160, 161, 162, 163, 164, 165, 166, 167, 169, 170, 171, 173, 182, 183, 184, 185, 186, 187, 188, 189, 190, 191, 192, 193, 196, 197, 198, 199, 201, 202, 203, 206, 207, 208, 209], "excluded_lines": [], "functions": {"RepoContext.__init__": {"executed_lines": [31, 32, 33, 34, 35, 36], "summary": {"covered_lines": 6, "num_statements": 6, "percent_covered": 100.0, "percent_covered_display": "100", "missing_lines": 0, "excluded_lines": 0, "percent_statements_covered": 100.0, "percent_statements_covered_display": "100"}, "missing_lines": [], "excluded_lines": [], "start_line": 24}, "RepoContext.build_directional_metadata": {"executed_lines": [], "summary": {"covered_lines": 0, "num_statements": 17, "percent_covered": 0.0, "percent_covered_display": "0", "missing_lines": 17, "excluded_lines": 0, "percent_statements_covered": 0.0, "percent_statements_covered_display": "0"}, "missing_lines": [40, 43, 44, 45, 48, 49, 50, 51, 54, 55, 56, 57, 58, 61, 62, 63, 65], "excluded_lines": [], "start_line": 38}, "RepoContext.collect_context": {"executed_lines": [], "summary": {"covered_lines": 0, "num_statements": 16, "percent_covered": 0.0, "percent_covered_display": "0", "missing_lines": 16, "excluded_lines": 0, "percent_statements_covered": 0.0, "percent_statements_covered_display": "0"}, "missing_lines": [69, 70, 71, 74, 75, 76, 77, 79, 80, 81, 82, 83, 84, 87, 88, 92], "excluded_lines": [], "start_line": 67}, "RepoContext.get_sliding_window_context": {"executed_lines": [], "summary": {"covered_lines": 0, "num_statements": 15, "percent_covered": 0.0, "percent_covered_display": "0", "missing_lines": 15, "excluded_lines": 0, "percent_statements_covered": 0.0, "percent_statements_covered_display": "0"}, "missing_lines": [98, 99, 101, 102, 104, 105, 106, 107, 108, 110, 111, 113, 120, 121, 123], "excluded_lines": [], "start_line": 94}, "RepoContext.resolve_path_recursively": {"executed_lines": [126, 127, 128, 130, 131, 132, 133, 134, 135, 136, 140], "summary": {"covered_lines": 11, "num_statements": 15, "percent_covered": 73.33333333333333, "percent_covered_display": "73", "missing_lines": 4, "excluded_lines": 0, "percent_statements_covered": 73.33333333333333, "percent_statements_covered_display": "73"}, "missing_lines": [129, 137, 138, 139], "excluded_lines": [], "start_line": 125}, "RepoContext.find_file_by_anchor": {"executed_lines": [], "summary": {"covered_lines": 0, "num_statements": 14, "percent_covered": 0.0, "percent_covered_display": "0", "missing_lines": 14, "excluded_lines": 0, "percent_statements_covered": 0.0, "percent_statements_covered_display": "0"}, "missing_lines": [143, 144, 145, 146, 147, 148, 149, 150, 151, 152, 153, 154, 155, 156], "excluded_lines": [], "start_line": 142}, "RepoContext.build_context": {"executed_lines": [], "summary": {"covered_lines": 0, "num_statements": 32, "percent_covered": 0.0, "percent_covered_display": "0", "missing_lines": 32, "excluded_lines": 0, "percent_statements_covered": 0.0, "percent_statements_covered_display": "0"}, "missing_lines": [159, 160, 161, 162, 163, 164, 165, 166, 167, 169, 170, 171, 173, 182, 183, 184, 185, 186, 187, 188, 189, 190, 191, 192, 193, 196, 197, 198, 199, 201, 202, 203], "excluded_lines": [], "start_line": 158}, "RepoContext._to_rel_path": {"executed_lines": [], "summary": {"covered_lines": 0, "num_statements": 4, "percent_covered": 0.0, "percent_covered_display": "0", "missing_lines": 4, "excluded_lines": 0, "percent_statements_covered": 0.0, "percent_statements_covered_display": "0"}, "missing_lines": [206, 207, 208, 209], "excluded_lines": [], "start_line": 205}, "": {"executed_lines": [4, 5, 6, 7, 8, 11, 14, 15, 16, 19, 24, 38, 67, 94, 125, 142, 158, 205], "summary": {"covered_lines": 18, "num_statements": 18, "percent_covered": 100.0, "percent_covered_display": "100", "missing_lines": 0, "excluded_lines": 0, "percent_statements_covered": 100.0, "percent_statements_covered_display": "100"}, "missing_lines": [], "excluded_lines": [], "start_line": 1}}, "classes": {"FileContext": {"executed_lines": [], "summary": {"covered_lines": 0, "num_statements": 0, "percent_covered": 100.0, "percent_covered_display": "100", "missing_lines": 0, "excluded_lines": 0, "percent_statements_covered": 100.0, "percent_statements_covered_display": "100"}, "missing_lines": [], "excluded_lines": [], "start_line": 11}, "RepoContext": {"executed_lines": [31, 32, 33, 34, 35, 36, 126, 127, 128, 130, 131, 132, 133, 134, 135, 136, 140], "summary": {"covered_lines": 17, "num_statements": 119, "percent_covered": 14.285714285714286, "percent_covered_display": "14", "missing_lines": 102, "excluded_lines": 0, "percent_statements_covered": 14.285714285714286, "percent_statements_covered_display": "14"}, "missing_lines": [40, 43, 44, 45, 48, 49, 50, 51, 54, 55, 56, 57, 58, 61, 62, 63, 65, 69, 70, 71, 74, 75, 76, 77, 79, 80, 81, 82, 83, 84, 87, 88, 92, 98, 99, 101, 102, 104, 105, 106, 107, 108, 110, 111, 113, 120, 121, 123, 129, 137, 138, 139, 143, 144, 145, 146, 147, 148, 149, 150, 151, 152, 153, 154, 155, 156, 159, 160, 161, 162, 163, 164, 165, 166, 167, 169, 170, 171, 173, 182, 183, 184, 185, 186, 187, 188, 189, 190, 191, 192, 193, 196, 197, 198, 199, 201, 202, 203, 206, 207, 208, 209], "excluded_lines": [], "start_line": 19}, "": {"executed_lines": [4, 5, 6, 7, 8, 11, 14, 15, 16, 19, 24, 38, 67, 94, 125, 142, 158, 205], "summary": {"covered_lines": 18, "num_statements": 18, "percent_covered": 100.0, "percent_covered_display": "100", "missing_lines": 0, "excluded_lines": 0, "percent_statements_covered": 100.0, "percent_statements_covered_display": "100"}, "missing_lines": [], "excluded_lines": [], "start_line": 1}}}, "src/engine/executor.py": {"executed_lines": [3, 4, 5, 6, 7, 8, 9, 10, 11, 13, 14, 15, 16, 18, 21, 28, 29, 30, 31, 32, 33, 34, 35, 36, 38, 40, 44, 46, 49, 51, 54, 55, 58, 61, 63, 70, 71, 73, 80, 81, 85, 86, 91, 92, 93, 94, 95, 96, 98, 99, 100, 101, 103, 106, 109, 110, 111, 112, 118, 119, 120, 125, 126, 128, 130, 132, 136, 142, 143, 145, 148, 149, 150, 156, 164, 165, 167, 168, 219, 279, 287, 297, 301, 302, 303, 304, 305, 306, 308, 309, 314, 319, 320, 324, 331, 332, 333, 334, 335, 336, 341, 342, 347, 348, 349, 350, 351, 352, 357, 368], "summary": {"covered_lines": 110, "num_statements": 237, "percent_covered": 46.413502109704645, "percent_covered_display": "46", "missing_lines": 127, "excluded_lines": 0, "percent_statements_covered": 46.413502109704645, "percent_statements_covered_display": "46"}, "missing_lines": [41, 74, 82, 104, 113, 114, 115, 116, 121, 127, 131, 134, 146, 151, 154, 157, 158, 159, 162, 170, 171, 172, 173, 176, 178, 179, 180, 181, 183, 184, 186, 187, 189, 190, 194, 195, 199, 200, 201, 206, 209, 211, 214, 217, 223, 224, 225, 227, 228, 231, 233, 234, 235, 236, 237, 239, 240, 241, 243, 244, 245, 248, 250, 251, 254, 256, 257, 258, 259, 262, 263, 264, 266, 267, 268, 270, 271, 272, 275, 277, 280, 281, 282, 283, 284, 285, 290, 291, 294, 295, 322, 326, 327, 328, 329, 337, 338, 339, 340, 343, 344, 345, 353, 354, 355, 358, 359, 360, 361, 362, 365, 366, 375, 376, 377, 378, 379, 380, 381, 383, 384, 385, 386, 387, 388, 389, 391], "excluded_lines": [], "functions": {"Executor.__init__": {"executed_lines": [29, 30, 31, 32, 33, 34, 35, 36], "summary": {"covered_lines": 8, "num_statements": 8, "percent_covered": 100.0, "percent_covered_display": "100", "missing_lines": 0, "excluded_lines": 0, "percent_statements_covered": 100.0, "percent_statements_covered_display": "100"}, "missing_lines": [], "excluded_lines": [], "start_line": 28}, "Executor._clean_content_payload": {"executed_lines": [40, 44, 46, 49, 51, 54, 55, 58, 61], "summary": {"covered_lines": 9, "num_statements": 10, "percent_covered": 90.0, "percent_covered_display": "90", "missing_lines": 1, "excluded_lines": 0, "percent_statements_covered": 90.0, "percent_statements_covered_display": "90"}, "missing_lines": [41], "excluded_lines": [], "start_line": 38}, "Executor.run_edit_pass": {"executed_lines": [70, 71, 73, 80, 81, 85, 86, 91, 92, 93, 94, 95, 96, 98, 99, 100, 101, 103, 106, 109, 110, 111, 112, 118, 119, 120, 125, 126, 128, 130, 132], "summary": {"covered_lines": 31, "num_statements": 42, "percent_covered": 73.80952380952381, "percent_covered_display": "74", "missing_lines": 11, "excluded_lines": 0, "percent_statements_covered": 73.80952380952381, "percent_statements_covered_display": "74"}, "missing_lines": [74, 82, 104, 113, 114, 115, 116, 121, 127, 131, 134], "excluded_lines": [], "start_line": 63}, "Executor.apply_anchor_edit": {"executed_lines": [142, 143, 145, 148, 149, 150, 156, 164, 165, 167, 168], "summary": {"covered_lines": 11, "num_statements": 43, "percent_covered": 25.58139534883721, "percent_covered_display": "26", "missing_lines": 32, "excluded_lines": 0, "percent_statements_covered": 25.58139534883721, "percent_statements_covered_display": "26"}, "missing_lines": [146, 151, 154, 157, 158, 159, 162, 170, 171, 172, 173, 176, 178, 179, 180, 181, 183, 184, 186, 187, 189, 190, 194, 195, 199, 200, 201, 206, 209, 211, 214, 217], "excluded_lines": [], "start_line": 136}, "Executor.apply_symbolic_edit": {"executed_lines": [], "summary": {"covered_lines": 0, "num_statements": 36, "percent_covered": 0.0, "percent_covered_display": "0", "missing_lines": 36, "excluded_lines": 0, "percent_statements_covered": 0.0, "percent_statements_covered_display": "0"}, "missing_lines": [223, 224, 225, 227, 228, 231, 233, 234, 235, 236, 237, 239, 240, 241, 243, 244, 245, 248, 250, 251, 254, 256, 257, 258, 259, 262, 263, 264, 266, 267, 268, 270, 271, 272, 275, 277], "excluded_lines": [], "start_line": 219}, "Executor._apply_via_sd": {"executed_lines": [], "summary": {"covered_lines": 0, "num_statements": 6, "percent_covered": 0.0, "percent_covered_display": "0", "missing_lines": 6, "excluded_lines": 0, "percent_statements_covered": 0.0, "percent_statements_covered_display": "0"}, "missing_lines": [280, 281, 282, 283, 284, 285], "excluded_lines": [], "start_line": 279}, "Executor._apply_via_python": {"executed_lines": [], "summary": {"covered_lines": 0, "num_statements": 4, "percent_covered": 0.0, "percent_covered_display": "0", "missing_lines": 4, "excluded_lines": 0, "percent_statements_covered": 0.0, "percent_statements_covered_display": "0"}, "missing_lines": [290, 291, 294, 295], "excluded_lines": [], "start_line": 287}, "Executor._apply_fuzzy_splice": {"executed_lines": [301, 302, 303, 304, 305, 306, 308, 309, 314, 319, 320], "summary": {"covered_lines": 11, "num_statements": 12, "percent_covered": 91.66666666666667, "percent_covered_display": "92", "missing_lines": 1, "excluded_lines": 0, "percent_statements_covered": 91.66666666666667, "percent_statements_covered_display": "92"}, "missing_lines": [322], "excluded_lines": [], "start_line": 297}, "Executor.write_file": {"executed_lines": [], "summary": {"covered_lines": 0, "num_statements": 4, "percent_covered": 0.0, "percent_covered_display": "0", "missing_lines": 4, "excluded_lines": 0, "percent_statements_covered": 0.0, "percent_statements_covered_display": "0"}, "missing_lines": [326, 327, 328, 329], "excluded_lines": [], "start_line": 324}, "Executor._create_file": {"executed_lines": [332, 333, 334, 335, 336, 341, 342], "summary": {"covered_lines": 7, "num_statements": 14, "percent_covered": 50.0, "percent_covered_display": "50", "missing_lines": 7, "excluded_lines": 0, "percent_statements_covered": 50.0, "percent_statements_covered_display": "50"}, "missing_lines": [337, 338, 339, 340, 343, 344, 345], "excluded_lines": [], "start_line": 331}, "Executor._write_file_safe": {"executed_lines": [348, 349, 350, 351, 352], "summary": {"covered_lines": 5, "num_statements": 8, "percent_covered": 62.5, "percent_covered_display": "62", "missing_lines": 3, "excluded_lines": 0, "percent_statements_covered": 62.5, "percent_statements_covered_display": "62"}, "missing_lines": [353, 354, 355], "excluded_lines": [], "start_line": 347}, "Executor._git_checkpoint": {"executed_lines": [], "summary": {"covered_lines": 0, "num_statements": 7, "percent_covered": 0.0, "percent_covered_display": "0", "missing_lines": 7, "excluded_lines": 0, "percent_statements_covered": 0.0, "percent_statements_covered_display": "0"}, "missing_lines": [358, 359, 360, 361, 362, 365, 366], "excluded_lines": [], "start_line": 357}, "Executor._rollback": {"executed_lines": [], "summary": {"covered_lines": 0, "num_statements": 15, "percent_covered": 0.0, "percent_covered_display": "0", "missing_lines": 15, "excluded_lines": 0, "percent_statements_covered": 0.0, "percent_statements_covered_display": "0"}, "missing_lines": [375, 376, 377, 378, 379, 380, 381, 383, 384, 385, 386, 387, 388, 389, 391], "excluded_lines": [], "start_line": 368}, "": {"executed_lines": [3, 4, 5, 6, 7, 8, 9, 10, 11, 13, 14, 15, 16, 18, 21, 28, 38, 63, 136, 219, 279, 287, 297, 324, 331, 347, 357, 368], "summary": {"covered_lines": 28, "num_statements": 28, "percent_covered": 100.0, "percent_covered_display": "100", "missing_lines": 0, "excluded_lines": 0, "percent_statements_covered": 100.0, "percent_statements_covered_display": "100"}, "missing_lines": [], "excluded_lines": [], "start_line": 1}}, "classes": {"Executor": {"executed_lines": [29, 30, 31, 32, 33, 34, 35, 36, 40, 44, 46, 49, 51, 54, 55, 58, 61, 70, 71, 73, 80, 81, 85, 86, 91, 92, 93, 94, 95, 96, 98, 99, 100, 101, 103, 106, 109, 110, 111, 112, 118, 119, 120, 125, 126, 128, 130, 132, 142, 143, 145, 148, 149, 150, 156, 164, 165, 167, 168, 301, 302, 303, 304, 305, 306, 308, 309, 314, 319, 320, 332, 333, 334, 335, 336, 341, 342, 348, 349, 350, 351, 352], "summary": {"covered_lines": 82, "num_statements": 209, "percent_covered": 39.23444976076555, "percent_covered_display": "39", "missing_lines": 127, "excluded_lines": 0, "percent_statements_covered": 39.23444976076555, "percent_statements_covered_display": "39"}, "missing_lines": [41, 74, 82, 104, 113, 114, 115, 116, 121, 127, 131, 134, 146, 151, 154, 157, 158, 159, 162, 170, 171, 172, 173, 176, 178, 179, 180, 181, 183, 184, 186, 187, 189, 190, 194, 195, 199, 200, 201, 206, 209, 211, 214, 217, 223, 224, 225, 227, 228, 231, 233, 234, 235, 236, 237, 239, 240, 241, 243, 244, 245, 248, 250, 251, 254, 256, 257, 258, 259, 262, 263, 264, 266, 267, 268, 270, 271, 272, 275, 277, 280, 281, 282, 283, 284, 285, 290, 291, 294, 295, 322, 326, 327, 328, 329, 337, 338, 339, 340, 343, 344, 345, 353, 354, 355, 358, 359, 360, 361, 362, 365, 366, 375, 376, 377, 378, 379, 380, 381, 383, 384, 385, 386, 387, 388, 389, 391], "excluded_lines": [], "start_line": 21}, "": {"executed_lines": [3, 4, 5, 6, 7, 8, 9, 10, 11, 13, 14, 15, 16, 18, 21, 28, 38, 63, 136, 219, 279, 287, 297, 324, 331, 347, 357, 368], "summary": {"covered_lines": 28, "num_statements": 28, "percent_covered": 100.0, "percent_covered_display": "100", "missing_lines": 0, "excluded_lines": 0, "percent_statements_covered": 100.0, "percent_statements_covered_display": "100"}, "missing_lines": [], "excluded_lines": [], "start_line": 1}}}, "src/engine/llm.py": {"executed_lines": [4, 5, 6, 7, 8, 9, 11, 12, 15, 18, 32, 36, 90, 91, 109], "summary": {"covered_lines": 15, "num_statements": 55, "percent_covered": 27.272727272727273, "percent_covered_display": "27", "missing_lines": 40, "excluded_lines": 0, "percent_statements_covered": 27.272727272727273, "percent_statements_covered_display": "27"}, "missing_lines": [25, 28, 29, 30, 34, 38, 39, 41, 66, 67, 68, 71, 72, 75, 76, 77, 78, 79, 80, 81, 82, 83, 84, 85, 86, 87, 88, 92, 93, 94, 95, 96, 97, 98, 99, 101, 102, 103, 104, 105], "excluded_lines": [], "functions": {"LocalInferenceEngine.__init__": {"executed_lines": [], "summary": {"covered_lines": 0, "num_statements": 4, "percent_covered": 0.0, "percent_covered_display": "0", "missing_lines": 4, "excluded_lines": 0, "percent_statements_covered": 0.0, "percent_statements_covered_display": "0"}, "missing_lines": [25, 28, 29, 30], "excluded_lines": [], "start_line": 18}, "LocalInferenceEngine.generate": {"executed_lines": [], "summary": {"covered_lines": 0, "num_statements": 1, "percent_covered": 0.0, "percent_covered_display": "0", "missing_lines": 1, "excluded_lines": 0, "percent_statements_covered": 0.0, "percent_statements_covered_display": "0"}, "missing_lines": [34], "excluded_lines": [], "start_line": 32}, "LocalInferenceEngine.generate_stream": {"executed_lines": [], "summary": {"covered_lines": 0, "num_statements": 22, "percent_covered": 0.0, "percent_covered_display": "0", "missing_lines": 22, "excluded_lines": 0, "percent_statements_covered": 0.0, "percent_statements_covered_display": "0"}, "missing_lines": [38, 39, 41, 66, 67, 68, 71, 72, 75, 76, 77, 78, 79, 80, 81, 82, 83, 84, 85, 86, 87, 88], "excluded_lines": [], "start_line": 36}, "LocalInferenceEngine._extract_token": {"executed_lines": [], "summary": {"covered_lines": 0, "num_statements": 13, "percent_covered": 0.0, "percent_covered_display": "0", "missing_lines": 13, "excluded_lines": 0, "percent_statements_covered": 0.0, "percent_statements_covered_display": "0"}, "missing_lines": [92, 93, 94, 95, 96, 97, 98, 99, 101, 102, 103, 104, 105], "excluded_lines": [], "start_line": 91}, "": {"executed_lines": [4, 5, 6, 7, 8, 9, 11, 12, 15, 18, 32, 36, 90, 91, 109], "summary": {"covered_lines": 15, "num_statements": 15, "percent_covered": 100.0, "percent_covered_display": "100", "missing_lines": 0, "excluded_lines": 0, "percent_statements_covered": 100.0, "percent_statements_covered_display": "100"}, "missing_lines": [], "excluded_lines": [], "start_line": 1}}, "classes": {"LocalInferenceEngine": {"executed_lines": [], "summary": {"covered_lines": 0, "num_statements": 40, "percent_covered": 0.0, "percent_covered_display": "0", "missing_lines": 40, "excluded_lines": 0, "percent_statements_covered": 0.0, "percent_statements_covered_display": "0"}, "missing_lines": [25, 28, 29, 30, 34, 38, 39, 41, 66, 67, 68, 71, 72, 75, 76, 77, 78, 79, 80, 81, 82, 83, 84, 85, 86, 87, 88, 92, 93, 94, 95, 96, 97, 98, 99, 101, 102, 103, 104, 105], "excluded_lines": [], "start_line": 15}, "": {"executed_lines": [4, 5, 6, 7, 8, 9, 11, 12, 15, 18, 32, 36, 90, 91, 109], "summary": {"covered_lines": 15, "num_statements": 15, "percent_covered": 100.0, "percent_covered_display": "100", "missing_lines": 0, "excluded_lines": 0, "percent_statements_covered": 100.0, "percent_statements_covered_display": "100"}, "missing_lines": [], "excluded_lines": [], "start_line": 1}}}, "src/main.py": {"executed_lines": [], "summary": {"covered_lines": 0, "num_statements": 193, "percent_covered": 0.0, "percent_covered_display": "0", "missing_lines": 193, "excluded_lines": 0, "percent_statements_covered": 0.0, "percent_statements_covered_display": "0"}, "missing_lines": [4, 5, 6, 7, 8, 9, 11, 12, 13, 14, 16, 17, 18, 19, 20, 21, 22, 24, 25, 26, 28, 29, 30, 31, 32, 33, 34, 36, 39, 40, 45, 46, 52, 59, 67, 75, 76, 81, 86, 92, 97, 105, 106, 113, 114, 119, 124, 127, 128, 129, 130, 133, 134, 135, 136, 137, 140, 145, 149, 150, 153, 154, 155, 156, 159, 160, 161, 162, 163, 164, 166, 167, 168, 170, 171, 173, 174, 175, 176, 177, 179, 180, 181, 182, 183, 187, 188, 192, 193, 195, 196, 197, 198, 201, 202, 203, 204, 206, 207, 210, 211, 213, 214, 215, 216, 217, 218, 220, 222, 224, 225, 226, 228, 229, 230, 231, 232, 234, 235, 236, 237, 239, 240, 241, 243, 244, 246, 247, 250, 251, 252, 263, 264, 265, 266, 267, 268, 270, 271, 272, 273, 274, 275, 276, 277, 279, 280, 282, 283, 286, 287, 288, 292, 294, 295, 296, 298, 299, 300, 302, 306, 308, 309, 315, 316, 324, 325, 326, 327, 328, 329, 334, 335, 337, 338, 339, 340, 342, 343, 345, 346, 349, 363, 364, 365, 366, 367, 368, 370, 372, 374, 377, 378], "excluded_lines": [], "functions": {"build_arg_parser": {"executed_lines": [], "summary": {"covered_lines": 0, "num_statements": 18, "percent_covered": 0.0, "percent_covered_display": "0", "missing_lines": 18, "excluded_lines": 0, "percent_statements_covered": 0.0, "percent_statements_covered_display": "0"}, "missing_lines": [40, 45, 46, 52, 59, 67, 75, 76, 81, 86, 92, 97, 105, 106, 113, 114, 119, 124], "excluded_lines": [], "start_line": 39}, "main": {"executed_lines": [], "summary": {"covered_lines": 0, "num_statements": 143, "percent_covered": 0.0, "percent_covered_display": "0", "missing_lines": 143, "excluded_lines": 0, "percent_statements_covered": 0.0, "percent_statements_covered_display": "0"}, "missing_lines": [128, 129, 130, 133, 134, 135, 136, 137, 140, 145, 149, 150, 153, 154, 155, 156, 159, 160, 161, 162, 163, 164, 166, 167, 168, 170, 171, 173, 174, 175, 176, 177, 179, 180, 181, 182, 183, 187, 188, 192, 193, 195, 196, 197, 198, 201, 202, 203, 204, 206, 207, 210, 211, 213, 214, 215, 216, 217, 218, 220, 222, 224, 225, 226, 228, 229, 230, 231, 232, 234, 235, 236, 237, 239, 240, 241, 243, 244, 246, 247, 250, 251, 252, 263, 264, 265, 266, 267, 268, 270, 271, 272, 273, 274, 275, 276, 277, 279, 280, 282, 283, 286, 287, 288, 292, 294, 295, 296, 298, 299, 300, 302, 306, 308, 309, 315, 316, 324, 325, 326, 327, 328, 329, 334, 335, 337, 338, 339, 340, 342, 343, 345, 346, 349, 363, 364, 365, 366, 367, 368, 370, 372, 374], "excluded_lines": [], "start_line": 127}, "": {"executed_lines": [], "summary": {"covered_lines": 0, "num_statements": 32, "percent_covered": 0.0, "percent_covered_display": "0", "missing_lines": 32, "excluded_lines": 0, "percent_statements_covered": 0.0, "percent_statements_covered_display": "0"}, "missing_lines": [4, 5, 6, 7, 8, 9, 11, 12, 13, 14, 16, 17, 18, 19, 20, 21, 22, 24, 25, 26, 28, 29, 30, 31, 32, 33, 34, 36, 39, 127, 377, 378], "excluded_lines": [], "start_line": 1}}, "classes": {"": {"executed_lines": [], "summary": {"covered_lines": 0, "num_statements": 193, "percent_covered": 0.0, "percent_covered_display": "0", "missing_lines": 193, "excluded_lines": 0, "percent_statements_covered": 0.0, "percent_statements_covered_display": "0"}, "missing_lines": [4, 5, 6, 7, 8, 9, 11, 12, 13, 14, 16, 17, 18, 19, 20, 21, 22, 24, 25, 26, 28, 29, 30, 31, 32, 33, 34, 36, 39, 40, 45, 46, 52, 59, 67, 75, 76, 81, 86, 92, 97, 105, 106, 113, 114, 119, 124, 127, 128, 129, 130, 133, 134, 135, 136, 137, 140, 145, 149, 150, 153, 154, 155, 156, 159, 160, 161, 162, 163, 164, 166, 167, 168, 170, 171, 173, 174, 175, 176, 177, 179, 180, 181, 182, 183, 187, 188, 192, 193, 195, 196, 197, 198, 201, 202, 203, 204, 206, 207, 210, 211, 213, 214, 215, 216, 217, 218, 220, 222, 224, 225, 226, 228, 229, 230, 231, 232, 234, 235, 236, 237, 239, 240, 241, 243, 244, 246, 247, 250, 251, 252, 263, 264, 265, 266, 267, 268, 270, 271, 272, 273, 274, 275, 276, 277, 279, 280, 282, 283, 286, 287, 288, 292, 294, 295, 296, 298, 299, 300, 302, 306, 308, 309, 315, 316, 324, 325, 326, 327, 328, 329, 334, 335, 337, 338, 339, 340, 342, 343, 345, 346, 349, 363, 364, 365, 366, 367, 368, 370, 372, 374, 377, 378], "excluded_lines": [], "start_line": 1}}}, "src/memory/__init__.py": {"executed_lines": [2, 3, 9, 10, 14, 16], "summary": {"covered_lines": 6, "num_statements": 6, "percent_covered": 100.0, "percent_covered_display": "100", "missing_lines": 0, "excluded_lines": 0, "percent_statements_covered": 100.0, "percent_statements_covered_display": "100"}, "missing_lines": [], "excluded_lines": [], "functions": {"": {"executed_lines": [2, 3, 9, 10, 14, 16], "summary": {"covered_lines": 6, "num_statements": 6, "percent_covered": 100.0, "percent_covered_display": "100", "missing_lines": 0, "excluded_lines": 0, "percent_statements_covered": 100.0, "percent_statements_covered_display": "100"}, "missing_lines": [], "excluded_lines": [], "start_line": 1}}, "classes": {"": {"executed_lines": [2, 3, 9, 10, 14, 16], "summary": {"covered_lines": 6, "num_statements": 6, "percent_covered": 100.0, "percent_covered_display": "100", "missing_lines": 0, "excluded_lines": 0, "percent_statements_covered": 100.0, "percent_statements_covered_display": "100"}, "missing_lines": [], "excluded_lines": [], "start_line": 1}}}, "src/memory/redis_store.py": {"executed_lines": [4, 5, 6, 7, 8, 9, 12, 13, 27, 28, 30, 32, 33, 40, 44, 47, 48, 49, 50, 51, 53, 54, 68, 71, 72, 78, 79, 80, 81, 82, 85, 86, 90, 93, 94, 95, 97, 102, 103, 104, 105, 106, 107, 108, 109, 110, 111, 115, 117, 118, 119, 124, 178, 187, 188, 190, 191, 192, 207], "summary": {"covered_lines": 59, "num_statements": 164, "percent_covered": 35.97560975609756, "percent_covered_display": "36", "missing_lines": 105, "excluded_lines": 0, "percent_statements_covered": 35.97560975609756, "percent_statements_covered_display": "36"}, "missing_lines": [14, 15, 16, 17, 19, 20, 21, 22, 23, 24, 25, 45, 73, 74, 75, 76, 87, 88, 98, 99, 100, 112, 113, 114, 116, 120, 121, 122, 131, 132, 133, 134, 135, 136, 137, 138, 141, 144, 145, 146, 147, 148, 149, 150, 152, 154, 155, 156, 157, 158, 159, 160, 161, 162, 163, 164, 165, 166, 169, 170, 171, 172, 173, 174, 175, 176, 194, 195, 196, 197, 198, 199, 200, 201, 202, 203, 204, 209, 210, 212, 213, 214, 215, 216, 218, 219, 220, 221, 222, 224, 232, 233, 234, 240, 241, 242, 243, 244, 245, 246, 248, 251, 252, 253, 254], "excluded_lines": [], "functions": {"RedisMemoryStore.__init__": {"executed_lines": [40], "summary": {"covered_lines": 1, "num_statements": 1, "percent_covered": 100.0, "percent_covered_display": "100", "missing_lines": 0, "excluded_lines": 0, "percent_statements_covered": 100.0, "percent_statements_covered_display": "100"}, "missing_lines": [], "excluded_lines": [], "start_line": 33}, "RedisMemoryStore._get_client": {"executed_lines": [], "summary": {"covered_lines": 0, "num_statements": 1, "percent_covered": 0.0, "percent_covered_display": "0", "missing_lines": 1, "excluded_lines": 0, "percent_statements_covered": 0.0, "percent_statements_covered_display": "0"}, "missing_lines": [45], "excluded_lines": [], "start_line": 44}, "RedisMemoryStore._ensure_initialized": {"executed_lines": [48, 49, 50, 51, 53, 54, 68, 71, 72], "summary": {"covered_lines": 9, "num_statements": 13, "percent_covered": 69.23076923076923, "percent_covered_display": "69", "missing_lines": 4, "excluded_lines": 0, "percent_statements_covered": 69.23076923076923, "percent_statements_covered_display": "69"}, "missing_lines": [73, 74, 75, 76], "excluded_lines": [], "start_line": 47}, "RedisMemoryStore.save_thought_frame": {"executed_lines": [79, 80, 81, 82, 85, 86, 90, 93, 94, 95, 97], "summary": {"covered_lines": 11, "num_statements": 16, "percent_covered": 68.75, "percent_covered_display": "69", "missing_lines": 5, "excluded_lines": 0, "percent_statements_covered": 68.75, "percent_statements_covered_display": "69"}, "missing_lines": [87, 88, 98, 99, 100], "excluded_lines": [], "start_line": 78}, "RedisMemoryStore.retrieve_thought_frame": {"executed_lines": [103, 104, 105, 106, 107, 108, 109, 110, 111, 115, 117, 118, 119], "summary": {"covered_lines": 13, "num_statements": 20, "percent_covered": 65.0, "percent_covered_display": "65", "missing_lines": 7, "excluded_lines": 0, "percent_statements_covered": 65.0, "percent_statements_covered_display": "65"}, "missing_lines": [112, 113, 114, 116, 120, 121, 122], "excluded_lines": [], "start_line": 102}, "RedisMemoryStore.retrieve_nearest_thought_frame": {"executed_lines": [], "summary": {"covered_lines": 0, "num_statements": 38, "percent_covered": 0.0, "percent_covered_display": "0", "missing_lines": 38, "excluded_lines": 0, "percent_statements_covered": 0.0, "percent_statements_covered_display": "0"}, "missing_lines": [131, 132, 133, 134, 135, 136, 137, 138, 141, 144, 145, 146, 147, 148, 149, 150, 152, 154, 155, 156, 157, 158, 159, 160, 161, 162, 163, 164, 165, 166, 169, 170, 171, 172, 173, 174, 175, 176], "excluded_lines": [], "start_line": 124}, "RedisMemoryStore.knn_search": {"executed_lines": [187, 188, 190, 191, 192], "summary": {"covered_lines": 5, "num_statements": 16, "percent_covered": 31.25, "percent_covered_display": "31", "missing_lines": 11, "excluded_lines": 0, "percent_statements_covered": 31.25, "percent_statements_covered_display": "31"}, "missing_lines": [194, 195, 196, 197, 198, 199, 200, 201, 202, 203, 204], "excluded_lines": [], "start_line": 178}, "watch_thought_stream": {"executed_lines": [], "summary": {"covered_lines": 0, "num_statements": 28, "percent_covered": 0.0, "percent_covered_display": "0", "missing_lines": 28, "excluded_lines": 0, "percent_statements_covered": 0.0, "percent_statements_covered_display": "0"}, "missing_lines": [209, 210, 212, 213, 214, 215, 216, 218, 219, 220, 221, 222, 224, 232, 233, 234, 240, 241, 242, 243, 244, 245, 246, 248, 251, 252, 253, 254], "excluded_lines": [], "start_line": 207}, "": {"executed_lines": [4, 5, 6, 7, 8, 9, 12, 13, 27, 28, 30, 32, 33, 44, 47, 78, 102, 124, 178, 207], "summary": {"covered_lines": 20, "num_statements": 31, "percent_covered": 64.51612903225806, "percent_covered_display": "65", "missing_lines": 11, "excluded_lines": 0, "percent_statements_covered": 64.51612903225806, "percent_statements_covered_display": "65"}, "missing_lines": [14, 15, 16, 17, 19, 20, 21, 22, 23, 24, 25], "excluded_lines": [], "start_line": 1}}, "classes": {"RedisMemoryStore": {"executed_lines": [40, 48, 49, 50, 51, 53, 54, 68, 71, 72, 79, 80, 81, 82, 85, 86, 90, 93, 94, 95, 97, 103, 104, 105, 106, 107, 108, 109, 110, 111, 115, 117, 118, 119, 187, 188, 190, 191, 192], "summary": {"covered_lines": 39, "num_statements": 105, "percent_covered": 37.142857142857146, "percent_covered_display": "37", "missing_lines": 66, "excluded_lines": 0, "percent_statements_covered": 37.142857142857146, "percent_statements_covered_display": "37"}, "missing_lines": [45, 73, 74, 75, 76, 87, 88, 98, 99, 100, 112, 113, 114, 116, 120, 121, 122, 131, 132, 133, 134, 135, 136, 137, 138, 141, 144, 145, 146, 147, 148, 149, 150, 152, 154, 155, 156, 157, 158, 159, 160, 161, 162, 163, 164, 165, 166, 169, 170, 171, 172, 173, 174, 175, 176, 194, 195, 196, 197, 198, 199, 200, 201, 202, 203, 204], "excluded_lines": [], "start_line": 32}, "": {"executed_lines": [4, 5, 6, 7, 8, 9, 12, 13, 27, 28, 30, 32, 33, 44, 47, 78, 102, 124, 178, 207], "summary": {"covered_lines": 20, "num_statements": 59, "percent_covered": 33.898305084745765, "percent_covered_display": "34", "missing_lines": 39, "excluded_lines": 0, "percent_statements_covered": 33.898305084745765, "percent_statements_covered_display": "34"}, "missing_lines": [14, 15, 16, 17, 19, 20, 21, 22, 23, 24, 25, 209, 210, 212, 213, 214, 215, 216, 218, 219, 220, 221, 222, 224, 232, 233, 234, 240, 241, 242, 243, 244, 245, 246, 248, 251, 252, 253, 254], "excluded_lines": [], "start_line": 1}}}, "src/memory/render.py": {"executed_lines": [4, 5, 6, 7, 8, 9, 10, 12, 14, 16, 17, 21, 22, 26, 27, 28, 30, 36, 37, 41, 42, 44, 52, 58, 59, 61, 62, 65, 66, 67, 69, 70, 71, 72, 73, 75, 76, 79, 80, 83, 86, 87, 88, 98, 115, 116, 117, 118, 119, 120, 121, 126, 129, 138, 165], "summary": {"covered_lines": 55, "num_statements": 88, "percent_covered": 62.5, "percent_covered_display": "62", "missing_lines": 33, "excluded_lines": 0, "percent_statements_covered": 62.5, "percent_statements_covered_display": "62"}, "missing_lines": [18, 19, 23, 29, 31, 32, 33, 34, 35, 39, 77, 81, 99, 100, 101, 102, 104, 105, 106, 107, 108, 113, 139, 140, 141, 142, 143, 144, 145, 146, 148, 149, 156], "excluded_lines": [], "functions": {"render_thought_frame": {"executed_lines": [16, 17, 21, 22, 26, 27, 28, 30, 36, 37, 41, 42, 44, 52, 58, 59, 61, 62, 65, 66, 67, 69, 70, 71, 72, 73, 75, 76, 79, 80, 83, 86, 87, 88, 98, 115, 116, 117, 118, 119, 120, 121, 126, 129, 138, 165], "summary": {"covered_lines": 46, "num_statements": 79, "percent_covered": 58.22784810126582, "percent_covered_display": "58", "missing_lines": 33, "excluded_lines": 0, "percent_statements_covered": 58.22784810126582, "percent_statements_covered_display": "58"}, "missing_lines": [18, 19, 23, 29, 31, 32, 33, 34, 35, 39, 77, 81, 99, 100, 101, 102, 104, 105, 106, 107, 108, 113, 139, 140, 141, 142, 143, 144, 145, 146, 148, 149, 156], "excluded_lines": [], "start_line": 14}, "": {"executed_lines": [4, 5, 6, 7, 8, 9, 10, 12, 14], "summary": {"covered_lines": 9, "num_statements": 9, "percent_covered": 100.0, "percent_covered_display": "100", "missing_lines": 0, "excluded_lines": 0, "percent_statements_covered": 100.0, "percent_statements_covered_display": "100"}, "missing_lines": [], "excluded_lines": [], "start_line": 1}}, "classes": {"": {"executed_lines": [4, 5, 6, 7, 8, 9, 10, 12, 14, 16, 17, 21, 22, 26, 27, 28, 30, 36, 37, 41, 42, 44, 52, 58, 59, 61, 62, 65, 66, 67, 69, 70, 71, 72, 73, 75, 76, 79, 80, 83, 86, 87, 88, 98, 115, 116, 117, 118, 119, 120, 121, 126, 129, 138, 165], "summary": {"covered_lines": 55, "num_statements": 88, "percent_covered": 62.5, "percent_covered_display": "62", "missing_lines": 33, "excluded_lines": 0, "percent_statements_covered": 62.5, "percent_statements_covered_display": "62"}, "missing_lines": [18, 19, 23, 29, 31, 32, 33, 34, 35, 39, 77, 81, 99, 100, 101, 102, 104, 105, 106, 107, 108, 113, 139, 140, 141, 142, 143, 144, 145, 146, 148, 149, 156], "excluded_lines": [], "start_line": 1}}}, "src/memory/schemas.py": {"executed_lines": [2, 3, 4, 7, 8, 9, 10, 11, 12, 15, 16, 17, 18, 19, 20, 21, 22, 23, 24, 27, 28, 29, 30, 31, 32, 33, 36, 37, 40, 42, 43, 44, 45, 46, 47, 48, 49, 50, 51, 53, 56, 57, 58, 60, 62], "summary": {"covered_lines": 45, "num_statements": 45, "percent_covered": 100.0, "percent_covered_display": "100", "missing_lines": 0, "excluded_lines": 0, "percent_statements_covered": 100.0, "percent_statements_covered_display": "100"}, "missing_lines": [], "excluded_lines": [], "functions": {"ThoughtFrame.to_redis_payload": {"executed_lines": [62], "summary": {"covered_lines": 1, "num_statements": 1, "percent_covered": 100.0, "percent_covered_display": "100", "missing_lines": 0, "excluded_lines": 0, "percent_statements_covered": 100.0, "percent_statements_covered_display": "100"}, "missing_lines": [], "excluded_lines": [], "start_line": 60}, "": {"executed_lines": [2, 3, 4, 7, 8, 9, 10, 11, 12, 15, 16, 17, 18, 19, 20, 21, 22, 23, 24, 27, 28, 29, 30, 31, 32, 33, 36, 37, 40, 42, 43, 44, 45, 46, 47, 48, 49, 50, 51, 53, 56, 57, 58, 60], "summary": {"covered_lines": 44, "num_statements": 44, "percent_covered": 100.0, "percent_covered_display": "100", "missing_lines": 0, "excluded_lines": 0, "percent_statements_covered": 100.0, "percent_statements_covered_display": "100"}, "missing_lines": [], "excluded_lines": [], "start_line": 1}}, "classes": {"LineDiff": {"executed_lines": [], "summary": {"covered_lines": 0, "num_statements": 0, "percent_covered": 100.0, "percent_covered_display": "100", "missing_lines": 0, "excluded_lines": 0, "percent_statements_covered": 100.0, "percent_statements_covered_display": "100"}, "missing_lines": [], "excluded_lines": [], "start_line": 7}, "EditPayload": {"executed_lines": [], "summary": {"covered_lines": 0, "num_statements": 0, "percent_covered": 100.0, "percent_covered_display": "100", "missing_lines": 0, "excluded_lines": 0, "percent_statements_covered": 100.0, "percent_statements_covered_display": "100"}, "missing_lines": [], "excluded_lines": [], "start_line": 15}, "CreationPayload": {"executed_lines": [], "summary": {"covered_lines": 0, "num_statements": 0, "percent_covered": 100.0, "percent_covered_display": "100", "missing_lines": 0, "excluded_lines": 0, "percent_statements_covered": 100.0, "percent_statements_covered_display": "100"}, "missing_lines": [], "excluded_lines": [], "start_line": 27}, "ThoughtFrame": {"executed_lines": [62], "summary": {"covered_lines": 1, "num_statements": 1, "percent_covered": 100.0, "percent_covered_display": "100", "missing_lines": 0, "excluded_lines": 0, "percent_statements_covered": 100.0, "percent_statements_covered_display": "100"}, "missing_lines": [], "excluded_lines": [], "start_line": 36}, "": {"executed_lines": [2, 3, 4, 7, 8, 9, 10, 11, 12, 15, 16, 17, 18, 19, 20, 21, 22, 23, 24, 27, 28, 29, 30, 31, 32, 33, 36, 37, 40, 42, 43, 44, 45, 46, 47, 48, 49, 50, 51, 53, 56, 57, 58, 60], "summary": {"covered_lines": 44, "num_statements": 44, "percent_covered": 100.0, "percent_covered_display": "100", "missing_lines": 0, "excluded_lines": 0, "percent_statements_covered": 100.0, "percent_statements_covered_display": "100"}, "missing_lines": [], "excluded_lines": [], "start_line": 1}}}, "src/memory/thoughtframe_collection.py": {"executed_lines": [2, 3, 4, 5, 6, 12, 13, 15, 18, 21, 22, 34, 35, 40, 53, 54, 61, 66, 76, 77, 85, 86, 88, 96, 107, 110, 111, 112, 114, 143, 145, 147, 149, 150, 164, 165, 171, 172, 174, 197, 199, 201, 203, 204, 205, 206, 207, 209, 210, 211, 216], "summary": {"covered_lines": 51, "num_statements": 76, "percent_covered": 67.10526315789474, "percent_covered_display": "67", "missing_lines": 25, "excluded_lines": 0, "percent_statements_covered": 67.10526315789474, "percent_statements_covered_display": "67"}, "missing_lines": [116, 117, 118, 119, 120, 121, 137, 138, 139, 140, 141, 166, 168, 169, 175, 176, 177, 178, 180, 181, 182, 183, 184, 186, 188], "excluded_lines": [], "functions": {"ThoughtFrameFactory.create": {"executed_lines": [34, 35, 40], "summary": {"covered_lines": 3, "num_statements": 3, "percent_covered": 100.0, "percent_covered_display": "100", "missing_lines": 0, "excluded_lines": 0, "percent_statements_covered": 100.0, "percent_statements_covered_display": "100"}, "missing_lines": [], "excluded_lines": [], "start_line": 22}, "ThoughtFrameFactory.create_creation_frame": {"executed_lines": [61, 66], "summary": {"covered_lines": 2, "num_statements": 2, "percent_covered": 100.0, "percent_covered_display": "100", "missing_lines": 0, "excluded_lines": 0, "percent_statements_covered": 100.0, "percent_statements_covered_display": "100"}, "missing_lines": [], "excluded_lines": [], "start_line": 54}, "ThoughtFrameFactory.create_edit_frame": {"executed_lines": [85, 86, 88, 96], "summary": {"covered_lines": 4, "num_statements": 4, "percent_covered": 100.0, "percent_covered_display": "100", "missing_lines": 0, "excluded_lines": 0, "percent_statements_covered": 100.0, "percent_statements_covered_display": "100"}, "missing_lines": [], "excluded_lines": [], "start_line": 77}, "ThoughtFrameCollection.__init__": {"executed_lines": [111, 112], "summary": {"covered_lines": 2, "num_statements": 2, "percent_covered": 100.0, "percent_covered_display": "100", "missing_lines": 0, "excluded_lines": 0, "percent_statements_covered": 100.0, "percent_statements_covered_display": "100"}, "missing_lines": [], "excluded_lines": [], "start_line": 110}, "ThoughtFrameCollection.ensure_index": {"executed_lines": [], "summary": {"covered_lines": 0, "num_statements": 11, "percent_covered": 0.0, "percent_covered_display": "0", "missing_lines": 11, "excluded_lines": 0, "percent_statements_covered": 0.0, "percent_statements_covered_display": "0"}, "missing_lines": [116, 117, 118, 119, 120, 121, 137, 138, 139, 140, 141], "excluded_lines": [], "start_line": 114}, "ThoughtFrameCollection.add": {"executed_lines": [145], "summary": {"covered_lines": 1, "num_statements": 1, "percent_covered": 100.0, "percent_covered_display": "100", "missing_lines": 0, "excluded_lines": 0, "percent_statements_covered": 100.0, "percent_statements_covered_display": "100"}, "missing_lines": [], "excluded_lines": [], "start_line": 143}, "ThoughtFrameCollection.insert": {"executed_lines": [149, 150, 164, 165, 171, 172], "summary": {"covered_lines": 6, "num_statements": 9, "percent_covered": 66.66666666666667, "percent_covered_display": "67", "missing_lines": 3, "excluded_lines": 0, "percent_statements_covered": 66.66666666666667, "percent_statements_covered_display": "67"}, "missing_lines": [166, 168, 169], "excluded_lines": [], "start_line": 147}, "ThoughtFrameCollection.get_by_id": {"executed_lines": [], "summary": {"covered_lines": 0, "num_statements": 11, "percent_covered": 0.0, "percent_covered_display": "0", "missing_lines": 11, "excluded_lines": 0, "percent_statements_covered": 0.0, "percent_statements_covered_display": "0"}, "missing_lines": [175, 176, 177, 178, 180, 181, 182, 183, 184, 186, 188], "excluded_lines": [], "start_line": 174}, "ThoughtFrameCollection.search_knn": {"executed_lines": [199], "summary": {"covered_lines": 1, "num_statements": 1, "percent_covered": 100.0, "percent_covered_display": "100", "missing_lines": 0, "excluded_lines": 0, "percent_statements_covered": 100.0, "percent_statements_covered_display": "100"}, "missing_lines": [], "excluded_lines": [], "start_line": 197}, "ThoughtFrameCollection.vector_search": {"executed_lines": [203, 204, 205, 206, 207, 209, 210, 211, 216], "summary": {"covered_lines": 9, "num_statements": 9, "percent_covered": 100.0, "percent_covered_display": "100", "missing_lines": 0, "excluded_lines": 0, "percent_statements_covered": 100.0, "percent_statements_covered_display": "100"}, "missing_lines": [], "excluded_lines": [], "start_line": 201}, "": {"executed_lines": [2, 3, 4, 5, 6, 12, 13, 15, 18, 21, 22, 53, 54, 76, 77, 107, 110, 114, 143, 147, 174, 197, 201], "summary": {"covered_lines": 23, "num_statements": 23, "percent_covered": 100.0, "percent_covered_display": "100", "missing_lines": 0, "excluded_lines": 0, "percent_statements_covered": 100.0, "percent_statements_covered_display": "100"}, "missing_lines": [], "excluded_lines": [], "start_line": 1}}, "classes": {"ThoughtFrameFactory": {"executed_lines": [34, 35, 40, 61, 66, 85, 86, 88, 96], "summary": {"covered_lines": 9, "num_statements": 9, "percent_covered": 100.0, "percent_covered_display": "100", "missing_lines": 0, "excluded_lines": 0, "percent_statements_covered": 100.0, "percent_statements_covered_display": "100"}, "missing_lines": [], "excluded_lines": [], "start_line": 18}, "ThoughtFrameCollection": {"executed_lines": [111, 112, 145, 149, 150, 164, 165, 171, 172, 199, 203, 204, 205, 206, 207, 209, 210, 211, 216], "summary": {"covered_lines": 19, "num_statements": 44, "percent_covered": 43.18181818181818, "percent_covered_display": "43", "missing_lines": 25, "excluded_lines": 0, "percent_statements_covered": 43.18181818181818, "percent_statements_covered_display": "43"}, "missing_lines": [116, 117, 118, 119, 120, 121, 137, 138, 139, 140, 141, 166, 168, 169, 175, 176, 177, 178, 180, 181, 182, 183, 184, 186, 188], "excluded_lines": [], "start_line": 107}, "": {"executed_lines": [2, 3, 4, 5, 6, 12, 13, 15, 18, 21, 22, 53, 54, 76, 77, 107, 110, 114, 143, 147, 174, 197, 201], "summary": {"covered_lines": 23, "num_statements": 23, "percent_covered": 100.0, "percent_covered_display": "100", "missing_lines": 0, "excluded_lines": 0, "percent_statements_covered": 100.0, "percent_statements_covered_display": "100"}, "missing_lines": [], "excluded_lines": [], "start_line": 1}}}, "src/memory/working_memory.py": {"executed_lines": [2, 3, 4, 5, 6, 8, 9, 10, 11, 16, 19, 22, 33, 42, 43, 44, 45, 47, 48, 49, 52, 60, 72, 73, 74, 76, 84, 86, 87, 89, 98, 101, 104, 107, 108, 111, 117, 118, 119, 120, 129, 138, 147, 148, 156, 159, 162, 167, 168, 170, 171, 172, 174, 176, 178, 187, 188, 189, 196, 197, 202, 208, 209, 237, 239, 242, 243, 244], "summary": {"covered_lines": 68, "num_statements": 95, "percent_covered": 71.57894736842105, "percent_covered_display": "72", "missing_lines": 27, "excluded_lines": 2, "percent_statements_covered": 71.57894736842105, "percent_statements_covered_display": "72"}, "missing_lines": [55, 56, 58, 123, 124, 173, 175, 211, 212, 214, 215, 219, 220, 221, 222, 223, 224, 233, 234, 235, 245, 246, 251, 252, 253, 254, 255], "excluded_lines": [13, 14], "functions": {"WorkingMemoryPipeline.__init__": {"executed_lines": [42, 43, 44, 45, 47, 48, 49, 52], "summary": {"covered_lines": 8, "num_statements": 11, "percent_covered": 72.72727272727273, "percent_covered_display": "73", "missing_lines": 3, "excluded_lines": 0, "percent_statements_covered": 72.72727272727273, "percent_statements_covered_display": "73"}, "missing_lines": [55, 56, 58], "excluded_lines": [], "start_line": 33}, "WorkingMemoryPipeline.process_incoming_event": {"executed_lines": [72, 73, 74, 76, 84, 86, 87], "summary": {"covered_lines": 7, "num_statements": 7, "percent_covered": 100.0, "percent_covered_display": "100", "missing_lines": 0, "excluded_lines": 0, "percent_statements_covered": 100.0, "percent_statements_covered_display": "100"}, "missing_lines": [], "excluded_lines": [], "start_line": 60}, "WorkingMemoryPipeline.process_synthesis": {"executed_lines": [98, 101, 104, 107, 108, 111, 117, 118, 119, 120, 129, 138, 147, 148, 156, 159, 162, 167, 168], "summary": {"covered_lines": 19, "num_statements": 21, "percent_covered": 90.47619047619048, "percent_covered_display": "90", "missing_lines": 2, "excluded_lines": 0, "percent_statements_covered": 90.47619047619048, "percent_statements_covered_display": "90"}, "missing_lines": [123, 124], "excluded_lines": [], "start_line": 89}, "WorkingMemoryPipeline._sanitize_code_content": {"executed_lines": [171, 172, 174, 176], "summary": {"covered_lines": 4, "num_statements": 6, "percent_covered": 66.66666666666667, "percent_covered_display": "67", "missing_lines": 2, "excluded_lines": 0, "percent_statements_covered": 66.66666666666667, "percent_statements_covered_display": "67"}, "missing_lines": [173, 175], "excluded_lines": [], "start_line": 170}, "WorkingMemoryPipeline._predict_semantic_metadata": {"executed_lines": [187, 188, 189, 196, 197, 202, 208, 209], "summary": {"covered_lines": 8, "num_statements": 21, "percent_covered": 38.095238095238095, "percent_covered_display": "38", "missing_lines": 13, "excluded_lines": 0, "percent_statements_covered": 38.095238095238095, "percent_statements_covered_display": "38"}, "missing_lines": [211, 212, 214, 215, 219, 220, 221, 222, 223, 224, 233, 234, 235], "excluded_lines": [], "start_line": 178}, "WorkingMemoryPipeline._persist_frame": {"executed_lines": [239, 242, 243, 244], "summary": {"covered_lines": 4, "num_statements": 11, "percent_covered": 36.36363636363637, "percent_covered_display": "36", "missing_lines": 7, "excluded_lines": 0, "percent_statements_covered": 36.36363636363637, "percent_statements_covered_display": "36"}, "missing_lines": [245, 246, 251, 252, 253, 254, 255], "excluded_lines": [], "start_line": 237}, "": {"executed_lines": [2, 3, 4, 5, 6, 8, 9, 10, 11, 16, 19, 22, 33, 60, 89, 170, 178, 237], "summary": {"covered_lines": 18, "num_statements": 18, "percent_covered": 100.0, "percent_covered_display": "100", "missing_lines": 0, "excluded_lines": 2, "percent_statements_covered": 100.0, "percent_statements_covered_display": "100"}, "missing_lines": [], "excluded_lines": [13, 14], "start_line": 1}}, "classes": {"WorkingMemoryPipeline": {"executed_lines": [42, 43, 44, 45, 47, 48, 49, 52, 72, 73, 74, 76, 84, 86, 87, 98, 101, 104, 107, 108, 111, 117, 118, 119, 120, 129, 138, 147, 148, 156, 159, 162, 167, 168, 171, 172, 174, 176, 187, 188, 189, 196, 197, 202, 208, 209, 239, 242, 243, 244], "summary": {"covered_lines": 50, "num_statements": 77, "percent_covered": 64.93506493506493, "percent_covered_display": "65", "missing_lines": 27, "excluded_lines": 0, "percent_statements_covered": 64.93506493506493, "percent_statements_covered_display": "65"}, "missing_lines": [55, 56, 58, 123, 124, 173, 175, 211, 212, 214, 215, 219, 220, 221, 222, 223, 224, 233, 234, 235, 245, 246, 251, 252, 253, 254, 255], "excluded_lines": [], "start_line": 19}, "": {"executed_lines": [2, 3, 4, 5, 6, 8, 9, 10, 11, 16, 19, 22, 33, 60, 89, 170, 178, 237], "summary": {"covered_lines": 18, "num_statements": 18, "percent_covered": 100.0, "percent_covered_display": "100", "missing_lines": 0, "excluded_lines": 2, "percent_statements_covered": 100.0, "percent_statements_covered_display": "100"}, "missing_lines": [], "excluded_lines": [13, 14], "start_line": 1}}}, "src/prompts/__init__.py": {"executed_lines": [], "summary": {"covered_lines": 0, "num_statements": 2, "percent_covered": 0.0, "percent_covered_display": "0", "missing_lines": 2, "excluded_lines": 0, "percent_statements_covered": 0.0, "percent_statements_covered_display": "0"}, "missing_lines": [3, 12], "excluded_lines": [], "functions": {"": {"executed_lines": [], "summary": {"covered_lines": 0, "num_statements": 2, "percent_covered": 0.0, "percent_covered_display": "0", "missing_lines": 2, "excluded_lines": 0, "percent_statements_covered": 0.0, "percent_statements_covered_display": "0"}, "missing_lines": [3, 12], "excluded_lines": [], "start_line": 1}}, "classes": {"": {"executed_lines": [], "summary": {"covered_lines": 0, "num_statements": 2, "percent_covered": 0.0, "percent_covered_display": "0", "missing_lines": 2, "excluded_lines": 0, "percent_statements_covered": 0.0, "percent_statements_covered_display": "0"}, "missing_lines": [3, 12], "excluded_lines": [], "start_line": 1}}}, "src/prompts/qwen_diff.py": {"executed_lines": [], "summary": {"covered_lines": 0, "num_statements": 63, "percent_covered": 0.0, "percent_covered_display": "0", "missing_lines": 63, "excluded_lines": 0, "percent_statements_covered": 0.0, "percent_statements_covered_display": "0"}, "missing_lines": [4, 5, 7, 12, 22, 40, 41, 44, 45, 48, 51, 54, 55, 56, 57, 58, 59, 60, 61, 62, 64, 66, 67, 70, 75, 76, 77, 79, 80, 81, 82, 83, 84, 85, 86, 88, 90, 91, 92, 93, 95, 96, 101, 106, 109, 110, 111, 117, 118, 124, 125, 127, 128, 130, 132, 133, 140, 141, 147, 148, 150, 151, 153], "excluded_lines": [], "functions": {"get_planner_system_prompt": {"executed_lines": [], "summary": {"covered_lines": 0, "num_statements": 1, "percent_covered": 0.0, "percent_covered_display": "0", "missing_lines": 1, "excluded_lines": 0, "percent_statements_covered": 0.0, "percent_statements_covered_display": "0"}, "missing_lines": [41], "excluded_lines": [], "start_line": 40}, "get_edit_system_prompt": {"executed_lines": [], "summary": {"covered_lines": 0, "num_statements": 1, "percent_covered": 0.0, "percent_covered_display": "0", "missing_lines": 1, "excluded_lines": 0, "percent_statements_covered": 0.0, "percent_statements_covered_display": "0"}, "missing_lines": [45], "excluded_lines": [], "start_line": 44}, "build_planner_user_prompt": {"executed_lines": [], "summary": {"covered_lines": 0, "num_statements": 12, "percent_covered": 0.0, "percent_covered_display": "0", "missing_lines": 12, "excluded_lines": 0, "percent_statements_covered": 0.0, "percent_statements_covered_display": "0"}, "missing_lines": [54, 55, 56, 57, 58, 59, 60, 61, 62, 64, 66, 67], "excluded_lines": [], "start_line": 51}, "build_user_prompt": {"executed_lines": [], "summary": {"covered_lines": 0, "num_statements": 20, "percent_covered": 0.0, "percent_covered_display": "0", "missing_lines": 20, "excluded_lines": 0, "percent_statements_covered": 0.0, "percent_statements_covered_display": "0"}, "missing_lines": [75, 76, 77, 79, 80, 81, 82, 83, 84, 85, 86, 88, 90, 91, 92, 93, 95, 96, 101, 106], "excluded_lines": [], "start_line": 70}, "QwenDiffPrompt.build_planner_prompts": {"executed_lines": [], "summary": {"covered_lines": 0, "num_statements": 7, "percent_covered": 0.0, "percent_covered_display": "0", "missing_lines": 7, "excluded_lines": 0, "percent_statements_covered": 0.0, "percent_statements_covered_display": "0"}, "missing_lines": [117, 118, 124, 125, 127, 128, 130], "excluded_lines": [], "start_line": 111}, "QwenDiffPrompt.build_prompts": {"executed_lines": [], "summary": {"covered_lines": 0, "num_statements": 7, "percent_covered": 0.0, "percent_covered_display": "0", "missing_lines": 7, "excluded_lines": 0, "percent_statements_covered": 0.0, "percent_statements_covered_display": "0"}, "missing_lines": [140, 141, 147, 148, 150, 151, 153], "excluded_lines": [], "start_line": 133}, "": {"executed_lines": [], "summary": {"covered_lines": 0, "num_statements": 15, "percent_covered": 0.0, "percent_covered_display": "0", "missing_lines": 15, "excluded_lines": 0, "percent_statements_covered": 0.0, "percent_statements_covered_display": "0"}, "missing_lines": [4, 5, 7, 12, 22, 40, 44, 48, 51, 70, 109, 110, 111, 132, 133], "excluded_lines": [], "start_line": 1}}, "classes": {"QwenDiffPrompt": {"executed_lines": [], "summary": {"covered_lines": 0, "num_statements": 14, "percent_covered": 0.0, "percent_covered_display": "0", "missing_lines": 14, "excluded_lines": 0, "percent_statements_covered": 0.0, "percent_statements_covered_display": "0"}, "missing_lines": [117, 118, 124, 125, 127, 128, 130, 140, 141, 147, 148, 150, 151, 153], "excluded_lines": [], "start_line": 109}, "": {"executed_lines": [], "summary": {"covered_lines": 0, "num_statements": 49, "percent_covered": 0.0, "percent_covered_display": "0", "missing_lines": 49, "excluded_lines": 0, "percent_statements_covered": 0.0, "percent_statements_covered_display": "0"}, "missing_lines": [4, 5, 7, 12, 22, 40, 41, 44, 45, 48, 51, 54, 55, 56, 57, 58, 59, 60, 61, 62, 64, 66, 67, 70, 75, 76, 77, 79, 80, 81, 82, 83, 84, 85, 86, 88, 90, 91, 92, 93, 95, 96, 101, 106, 109, 110, 111, 132, 133], "excluded_lines": [], "start_line": 1}}}, "src/reasoning/__init__.py": {"executed_lines": [5, 6, 7, 9], "summary": {"covered_lines": 4, "num_statements": 4, "percent_covered": 100.0, "percent_covered_display": "100", "missing_lines": 0, "excluded_lines": 0, "percent_statements_covered": 100.0, "percent_statements_covered_display": "100"}, "missing_lines": [], "excluded_lines": [], "functions": {"": {"executed_lines": [5, 6, 7, 9], "summary": {"covered_lines": 4, "num_statements": 4, "percent_covered": 100.0, "percent_covered_display": "100", "missing_lines": 0, "excluded_lines": 0, "percent_statements_covered": 100.0, "percent_statements_covered_display": "100"}, "missing_lines": [], "excluded_lines": [], "start_line": 1}}, "classes": {"": {"executed_lines": [5, 6, 7, 9], "summary": {"covered_lines": 4, "num_statements": 4, "percent_covered": 100.0, "percent_covered_display": "100", "missing_lines": 0, "excluded_lines": 0, "percent_statements_covered": 100.0, "percent_statements_covered_display": "100"}, "missing_lines": [], "excluded_lines": [], "start_line": 1}}}, "src/reasoning/embedder.py": {"executed_lines": [4, 5, 7, 8, 9, 13, 16, 23, 24, 25, 27, 28, 29, 35, 37, 39, 40, 41, 44, 46, 47, 49, 52], "summary": {"covered_lines": 23, "num_statements": 35, "percent_covered": 65.71428571428571, "percent_covered_display": "66", "missing_lines": 12, "excluded_lines": 0, "percent_statements_covered": 65.71428571428571, "percent_statements_covered_display": "66"}, "missing_lines": [10, 11, 30, 54, 55, 56, 57, 58, 59, 60, 61, 62], "excluded_lines": [], "functions": {"FeatureEmbedder.__init__": {"executed_lines": [24, 25], "summary": {"covered_lines": 2, "num_statements": 2, "percent_covered": 100.0, "percent_covered_display": "100", "missing_lines": 0, "excluded_lines": 0, "percent_statements_covered": 100.0, "percent_statements_covered_display": "100"}, "missing_lines": [], "excluded_lines": [], "start_line": 23}, "FeatureEmbedder._lazy_load": {"executed_lines": [28, 29, 35], "summary": {"covered_lines": 3, "num_statements": 4, "percent_covered": 75.0, "percent_covered_display": "75", "missing_lines": 1, "excluded_lines": 0, "percent_statements_covered": 75.0, "percent_statements_covered_display": "75"}, "missing_lines": [30], "excluded_lines": [], "start_line": 27}, "FeatureEmbedder.encode": {"executed_lines": [39, 40, 41, 44, 46, 47], "summary": {"covered_lines": 6, "num_statements": 6, "percent_covered": 100.0, "percent_covered_display": "100", "missing_lines": 0, "excluded_lines": 0, "percent_statements_covered": 100.0, "percent_statements_covered_display": "100"}, "missing_lines": [], "excluded_lines": [], "start_line": 37}, "TextEmbedder.embed_text": {"executed_lines": [], "summary": {"covered_lines": 0, "num_statements": 9, "percent_covered": 0.0, "percent_covered_display": "0", "missing_lines": 9, "excluded_lines": 0, "percent_statements_covered": 0.0, "percent_statements_covered_display": "0"}, "missing_lines": [54, 55, 56, 57, 58, 59, 60, 61, 62], "excluded_lines": [], "start_line": 52}, "": {"executed_lines": [4, 5, 7, 8, 9, 13, 16, 23, 27, 37, 49, 52], "summary": {"covered_lines": 12, "num_statements": 14, "percent_covered": 85.71428571428571, "percent_covered_display": "86", "missing_lines": 2, "excluded_lines": 0, "percent_statements_covered": 85.71428571428571, "percent_statements_covered_display": "86"}, "missing_lines": [10, 11], "excluded_lines": [], "start_line": 1}}, "classes": {"FeatureEmbedder": {"executed_lines": [24, 25, 28, 29, 35, 39, 40, 41, 44, 46, 47], "summary": {"covered_lines": 11, "num_statements": 12, "percent_covered": 91.66666666666667, "percent_covered_display": "92", "missing_lines": 1, "excluded_lines": 0, "percent_statements_covered": 91.66666666666667, "percent_statements_covered_display": "92"}, "missing_lines": [30], "excluded_lines": [], "start_line": 16}, "TextEmbedder": {"executed_lines": [], "summary": {"covered_lines": 0, "num_statements": 9, "percent_covered": 0.0, "percent_covered_display": "0", "missing_lines": 9, "excluded_lines": 0, "percent_statements_covered": 0.0, "percent_statements_covered_display": "0"}, "missing_lines": [54, 55, 56, 57, 58, 59, 60, 61, 62], "excluded_lines": [], "start_line": 49}, "": {"executed_lines": [4, 5, 7, 8, 9, 13, 16, 23, 27, 37, 49, 52], "summary": {"covered_lines": 12, "num_statements": 14, "percent_covered": 85.71428571428571, "percent_covered_display": "86", "missing_lines": 2, "excluded_lines": 0, "percent_statements_covered": 85.71428571428571, "percent_statements_covered_display": "86"}, "missing_lines": [10, 11], "excluded_lines": [], "start_line": 1}}}, "src/reasoning/graph_linker.py": {"executed_lines": [3, 4, 5, 7, 10, 13, 20, 26, 27, 28, 29, 31, 32, 33, 34, 39, 41, 43, 44, 46, 47, 48, 49, 50, 51, 52, 53, 54, 56, 69, 71, 72, 75, 76, 84, 89, 94, 95, 96, 102, 121, 122, 123, 131, 136, 140, 141, 147, 150, 172, 173, 174, 175, 176, 177, 180, 181, 182, 184, 185, 186, 188, 192, 193, 194, 195, 196, 197], "summary": {"covered_lines": 68, "num_statements": 89, "percent_covered": 76.40449438202248, "percent_covered_display": "76", "missing_lines": 21, "excluded_lines": 0, "percent_statements_covered": 76.40449438202248, "percent_statements_covered_display": "76"}, "missing_lines": [37, 38, 45, 58, 59, 60, 61, 62, 63, 64, 65, 66, 67, 73, 132, 133, 134, 148, 178, 189, 190], "excluded_lines": [], "functions": {"KnowledgeGraphLinker.__init__": {"executed_lines": [26, 27, 28, 29], "summary": {"covered_lines": 4, "num_statements": 4, "percent_covered": 100.0, "percent_covered_display": "100", "missing_lines": 0, "excluded_lines": 0, "percent_statements_covered": 100.0, "percent_statements_covered_display": "100"}, "missing_lines": [], "excluded_lines": [], "start_line": 20}, "KnowledgeGraphLinker._get_driver": {"executed_lines": [32, 33, 34, 39], "summary": {"covered_lines": 4, "num_statements": 6, "percent_covered": 66.66666666666667, "percent_covered_display": "67", "missing_lines": 2, "excluded_lines": 0, "percent_statements_covered": 66.66666666666667, "percent_statements_covered_display": "67"}, "missing_lines": [37, 38], "excluded_lines": [], "start_line": 31}, "KnowledgeGraphLinker.init_schema": {"executed_lines": [43, 44, 46, 47, 48, 49, 50, 51, 52, 53, 54], "summary": {"covered_lines": 11, "num_statements": 12, "percent_covered": 91.66666666666667, "percent_covered_display": "92", "missing_lines": 1, "excluded_lines": 0, "percent_statements_covered": 91.66666666666667, "percent_statements_covered_display": "92"}, "missing_lines": [45], "excluded_lines": [], "start_line": 41}, "KnowledgeGraphLinker.flush_graph": {"executed_lines": [], "summary": {"covered_lines": 0, "num_statements": 10, "percent_covered": 0.0, "percent_covered_display": "0", "missing_lines": 10, "excluded_lines": 0, "percent_statements_covered": 0.0, "percent_statements_covered_display": "0"}, "missing_lines": [58, 59, 60, 61, 62, 63, 64, 65, 66, 67], "excluded_lines": [], "start_line": 56}, "KnowledgeGraphLinker.sync_thought_frame_graph": {"executed_lines": [71, 72, 75, 76, 84, 89, 94, 95, 96, 102, 121, 122, 123, 131], "summary": {"covered_lines": 14, "num_statements": 18, "percent_covered": 77.77777777777777, "percent_covered_display": "78", "missing_lines": 4, "excluded_lines": 0, "percent_statements_covered": 77.77777777777777, "percent_statements_covered_display": "78"}, "missing_lines": [73, 132, 133, 134], "excluded_lines": [], "start_line": 69}, "KnowledgeGraphLinker.retrieve_graph_context": {"executed_lines": [140, 141, 147, 150, 172, 173, 174, 175, 176, 177, 180, 181, 182, 184, 185, 186, 188, 192, 193, 194, 195, 196, 197], "summary": {"covered_lines": 23, "num_statements": 27, "percent_covered": 85.18518518518519, "percent_covered_display": "85", "missing_lines": 4, "excluded_lines": 0, "percent_statements_covered": 85.18518518518519, "percent_statements_covered_display": "85"}, "missing_lines": [148, 178, 189, 190], "excluded_lines": [], "start_line": 136}, "": {"executed_lines": [3, 4, 5, 7, 10, 13, 20, 31, 41, 56, 69, 136], "summary": {"covered_lines": 12, "num_statements": 12, "percent_covered": 100.0, "percent_covered_display": "100", "missing_lines": 0, "excluded_lines": 0, "percent_statements_covered": 100.0, "percent_statements_covered_display": "100"}, "missing_lines": [], "excluded_lines": [], "start_line": 1}}, "classes": {"KnowledgeGraphLinker": {"executed_lines": [26, 27, 28, 29, 32, 33, 34, 39, 43, 44, 46, 47, 48, 49, 50, 51, 52, 53, 54, 71, 72, 75, 76, 84, 89, 94, 95, 96, 102, 121, 122, 123, 131, 140, 141, 147, 150, 172, 173, 174, 175, 176, 177, 180, 181, 182, 184, 185, 186, 188, 192, 193, 194, 195, 196, 197], "summary": {"covered_lines": 56, "num_statements": 77, "percent_covered": 72.72727272727273, "percent_covered_display": "73", "missing_lines": 21, "excluded_lines": 0, "percent_statements_covered": 72.72727272727273, "percent_statements_covered_display": "73"}, "missing_lines": [37, 38, 45, 58, 59, 60, 61, 62, 63, 64, 65, 66, 67, 73, 132, 133, 134, 148, 178, 189, 190], "excluded_lines": [], "start_line": 10}, "": {"executed_lines": [3, 4, 5, 7, 10, 13, 20, 31, 41, 56, 69, 136], "summary": {"covered_lines": 12, "num_statements": 12, "percent_covered": 100.0, "percent_covered_display": "100", "missing_lines": 0, "excluded_lines": 0, "percent_statements_covered": 100.0, "percent_statements_covered_display": "100"}, "missing_lines": [], "excluded_lines": [], "start_line": 1}}}, "src/reasoning/pipeline.py": {"executed_lines": [4, 5, 6, 7, 10, 18, 24, 25, 26, 28, 30, 38, 39, 48, 49, 55, 62, 63, 64, 67, 68, 69, 72, 73, 74, 75, 82, 83, 90, 91, 97], "summary": {"covered_lines": 31, "num_statements": 42, "percent_covered": 73.80952380952381, "percent_covered_display": "74", "missing_lines": 11, "excluded_lines": 0, "percent_statements_covered": 73.80952380952381, "percent_statements_covered_display": "74"}, "missing_lines": [40, 41, 42, 43, 45, 78, 79, 86, 87, 94, 95], "excluded_lines": [], "functions": {"ReasoningOrchestrator.__init__": {"executed_lines": [24, 25, 26], "summary": {"covered_lines": 3, "num_statements": 3, "percent_covered": 100.0, "percent_covered_display": "100", "missing_lines": 0, "excluded_lines": 0, "percent_statements_covered": 100.0, "percent_statements_covered_display": "100"}, "missing_lines": [], "excluded_lines": [], "start_line": 18}, "ReasoningOrchestrator.process_and_store": {"executed_lines": [30, 38, 39, 48, 49, 55, 62, 63, 64, 67, 68, 69, 72, 73, 74, 75, 82, 83, 90, 91, 97], "summary": {"covered_lines": 21, "num_statements": 32, "percent_covered": 65.625, "percent_covered_display": "66", "missing_lines": 11, "excluded_lines": 0, "percent_statements_covered": 65.625, "percent_statements_covered_display": "66"}, "missing_lines": [40, 41, 42, 43, 45, 78, 79, 86, 87, 94, 95], "excluded_lines": [], "start_line": 28}, "": {"executed_lines": [4, 5, 6, 7, 10, 18, 28], "summary": {"covered_lines": 7, "num_statements": 7, "percent_covered": 100.0, "percent_covered_display": "100", "missing_lines": 0, "excluded_lines": 0, "percent_statements_covered": 100.0, "percent_statements_covered_display": "100"}, "missing_lines": [], "excluded_lines": [], "start_line": 1}}, "classes": {"ReasoningOrchestrator": {"executed_lines": [24, 25, 26, 30, 38, 39, 48, 49, 55, 62, 63, 64, 67, 68, 69, 72, 73, 74, 75, 82, 83, 90, 91, 97], "summary": {"covered_lines": 24, "num_statements": 35, "percent_covered": 68.57142857142857, "percent_covered_display": "69", "missing_lines": 11, "excluded_lines": 0, "percent_statements_covered": 68.57142857142857, "percent_statements_covered_display": "69"}, "missing_lines": [40, 41, 42, 43, 45, 78, 79, 86, 87, 94, 95], "excluded_lines": [], "start_line": 10}, "": {"executed_lines": [4, 5, 6, 7, 10, 18, 28], "summary": {"covered_lines": 7, "num_statements": 7, "percent_covered": 100.0, "percent_covered_display": "100", "missing_lines": 0, "excluded_lines": 0, "percent_statements_covered": 100.0, "percent_statements_covered_display": "100"}, "missing_lines": [], "excluded_lines": [], "start_line": 1}}}, "src/vista/__init__.py": {"executed_lines": [4, 5, 7], "summary": {"covered_lines": 3, "num_statements": 3, "percent_covered": 100.0, "percent_covered_display": "100", "missing_lines": 0, "excluded_lines": 0, "percent_statements_covered": 100.0, "percent_statements_covered_display": "100"}, "missing_lines": [], "excluded_lines": [], "functions": {"": {"executed_lines": [4, 5, 7], "summary": {"covered_lines": 3, "num_statements": 3, "percent_covered": 100.0, "percent_covered_display": "100", "missing_lines": 0, "excluded_lines": 0, "percent_statements_covered": 100.0, "percent_statements_covered_display": "100"}, "missing_lines": [], "excluded_lines": [], "start_line": 1}}, "classes": {"": {"executed_lines": [4, 5, 7], "summary": {"covered_lines": 3, "num_statements": 3, "percent_covered": 100.0, "percent_covered_display": "100", "missing_lines": 0, "excluded_lines": 0, "percent_statements_covered": 100.0, "percent_statements_covered_display": "100"}, "missing_lines": [], "excluded_lines": [], "start_line": 1}}}, "src/vista/builder.py": {"executed_lines": [4, 5, 6, 7, 8, 10, 11, 13, 15, 18, 19, 20, 21, 22, 23, 25, 29, 31, 34, 35, 39, 40, 42, 48, 52, 54, 55, 58, 61, 62, 63, 64, 65, 68, 69, 72, 98], "summary": {"covered_lines": 37, "num_statements": 67, "percent_covered": 55.223880597014926, "percent_covered_display": "55", "missing_lines": 30, "excluded_lines": 0, "percent_statements_covered": 55.223880597014926, "percent_statements_covered_display": "55"}, "missing_lines": [27, 32, 36, 75, 77, 85, 88, 90, 100, 101, 102, 104, 105, 107, 108, 110, 114, 115, 116, 118, 119, 120, 121, 123, 124, 126, 127, 129, 130, 134], "excluded_lines": [], "functions": {"RaptorTreeBuilder.__init__": {"executed_lines": [19, 20, 21, 22, 23], "summary": {"covered_lines": 5, "num_statements": 5, "percent_covered": 100.0, "percent_covered_display": "100", "missing_lines": 0, "excluded_lines": 0, "percent_statements_covered": 100.0, "percent_statements_covered_display": "100"}, "missing_lines": [], "excluded_lines": [], "start_line": 18}, "RaptorTreeBuilder.set_leaves": {"executed_lines": [], "summary": {"covered_lines": 0, "num_statements": 1, "percent_covered": 0.0, "percent_covered_display": "0", "missing_lines": 1, "excluded_lines": 0, "percent_statements_covered": 0.0, "percent_statements_covered_display": "0"}, "missing_lines": [27], "excluded_lines": [], "start_line": 25}, "RaptorTreeBuilder._cluster_nodes": {"executed_lines": [31, 34, 35, 39, 40, 42, 48, 52, 54, 55, 58, 61, 62, 63, 64, 65, 68, 69], "summary": {"covered_lines": 18, "num_statements": 20, "percent_covered": 90.0, "percent_covered_display": "90", "missing_lines": 2, "excluded_lines": 0, "percent_statements_covered": 90.0, "percent_statements_covered_display": "90"}, "missing_lines": [32, 36], "excluded_lines": [], "start_line": 29}, "RaptorTreeBuilder._summarize_cluster": {"executed_lines": [], "summary": {"covered_lines": 0, "num_statements": 5, "percent_covered": 0.0, "percent_covered_display": "0", "missing_lines": 5, "excluded_lines": 0, "percent_statements_covered": 0.0, "percent_statements_covered_display": "0"}, "missing_lines": [75, 77, 85, 88, 90], "excluded_lines": [], "start_line": 72}, "RaptorTreeBuilder.build": {"executed_lines": [], "summary": {"covered_lines": 0, "num_statements": 22, "percent_covered": 0.0, "percent_covered_display": "0", "missing_lines": 22, "excluded_lines": 0, "percent_statements_covered": 0.0, "percent_statements_covered_display": "0"}, "missing_lines": [100, 101, 102, 104, 105, 107, 108, 110, 114, 115, 116, 118, 119, 120, 121, 123, 124, 126, 127, 129, 130, 134], "excluded_lines": [], "start_line": 98}, "": {"executed_lines": [4, 5, 6, 7, 8, 10, 11, 13, 15, 18, 25, 29, 72, 98], "summary": {"covered_lines": 14, "num_statements": 14, "percent_covered": 100.0, "percent_covered_display": "100", "missing_lines": 0, "excluded_lines": 0, "percent_statements_covered": 100.0, "percent_statements_covered_display": "100"}, "missing_lines": [], "excluded_lines": [], "start_line": 1}}, "classes": {"RaptorTreeBuilder": {"executed_lines": [19, 20, 21, 22, 23, 31, 34, 35, 39, 40, 42, 48, 52, 54, 55, 58, 61, 62, 63, 64, 65, 68, 69], "summary": {"covered_lines": 23, "num_statements": 53, "percent_covered": 43.39622641509434, "percent_covered_display": "43", "missing_lines": 30, "excluded_lines": 0, "percent_statements_covered": 43.39622641509434, "percent_statements_covered_display": "43"}, "missing_lines": [27, 32, 36, 75, 77, 85, 88, 90, 100, 101, 102, 104, 105, 107, 108, 110, 114, 115, 116, 118, 119, 120, 121, 123, 124, 126, 127, 129, 130, 134], "excluded_lines": [], "start_line": 15}, "": {"executed_lines": [4, 5, 6, 7, 8, 10, 11, 13, 15, 18, 25, 29, 72, 98], "summary": {"covered_lines": 14, "num_statements": 14, "percent_covered": 100.0, "percent_covered_display": "100", "missing_lines": 0, "excluded_lines": 0, "percent_statements_covered": 100.0, "percent_statements_covered_display": "100"}, "missing_lines": [], "excluded_lines": [], "start_line": 1}}}, "src/vista/index_manager.py": {"executed_lines": [4, 5, 6, 8, 10, 13, 18, 21], "summary": {"covered_lines": 8, "num_statements": 34, "percent_covered": 23.529411764705884, "percent_covered_display": "24", "missing_lines": 26, "excluded_lines": 0, "percent_statements_covered": 23.529411764705884, "percent_statements_covered_display": "24"}, "missing_lines": [14, 15, 16, 19, 22, 23, 24, 26, 27, 28, 31, 32, 34, 35, 37, 38, 39, 41, 48, 49, 50, 51, 53, 55, 56, 57], "excluded_lines": [], "functions": {"IndexManager.__init__": {"executed_lines": [], "summary": {"covered_lines": 0, "num_statements": 3, "percent_covered": 0.0, "percent_covered_display": "0", "missing_lines": 3, "excluded_lines": 0, "percent_statements_covered": 0.0, "percent_statements_covered_display": "0"}, "missing_lines": [14, 15, 16], "excluded_lines": [], "start_line": 13}, "IndexManager._get_file_hash": {"executed_lines": [], "summary": {"covered_lines": 0, "num_statements": 1, "percent_covered": 0.0, "percent_covered_display": "0", "missing_lines": 1, "excluded_lines": 0, "percent_statements_covered": 0.0, "percent_statements_covered_display": "0"}, "missing_lines": [19], "excluded_lines": [], "start_line": 18}, "IndexManager.sync_file_if_changed": {"executed_lines": [], "summary": {"covered_lines": 0, "num_statements": 22, "percent_covered": 0.0, "percent_covered_display": "0", "missing_lines": 22, "excluded_lines": 0, "percent_statements_covered": 0.0, "percent_statements_covered_display": "0"}, "missing_lines": [22, 23, 24, 26, 27, 28, 31, 32, 34, 35, 37, 38, 39, 41, 48, 49, 50, 51, 53, 55, 56, 57], "excluded_lines": [], "start_line": 21}, "": {"executed_lines": [4, 5, 6, 8, 10, 13, 18, 21], "summary": {"covered_lines": 8, "num_statements": 8, "percent_covered": 100.0, "percent_covered_display": "100", "missing_lines": 0, "excluded_lines": 0, "percent_statements_covered": 100.0, "percent_statements_covered_display": "100"}, "missing_lines": [], "excluded_lines": [], "start_line": 1}}, "classes": {"IndexManager": {"executed_lines": [], "summary": {"covered_lines": 0, "num_statements": 26, "percent_covered": 0.0, "percent_covered_display": "0", "missing_lines": 26, "excluded_lines": 0, "percent_statements_covered": 0.0, "percent_statements_covered_display": "0"}, "missing_lines": [14, 15, 16, 19, 22, 23, 24, 26, 27, 28, 31, 32, 34, 35, 37, 38, 39, 41, 48, 49, 50, 51, 53, 55, 56, 57], "excluded_lines": [], "start_line": 10}, "": {"executed_lines": [4, 5, 6, 8, 10, 13, 18, 21], "summary": {"covered_lines": 8, "num_statements": 8, "percent_covered": 100.0, "percent_covered_display": "100", "missing_lines": 0, "excluded_lines": 0, "percent_statements_covered": 100.0, "percent_statements_covered_display": "100"}, "missing_lines": [], "excluded_lines": [], "start_line": 1}}}}, "totals": {"covered_lines": 807, "num_statements": 1928, "percent_covered": 41.856846473029044, "percent_covered_display": "42", "missing_lines": 1121, "excluded_lines": 2, "percent_statements_covered": 41.856846473029044, "percent_statements_covered_display": "42"}}